INFO - 2023-09-12 04:59:06 --> Session: Class initialized using 'CodeIgniter\Session\Handlers\FileHandler' driver.
WARNING - 2023-09-12 04:59:06 --> [DEPRECATED] Creation of dynamic property App\Controllers\Admin\Candidate::$session is deprecated in APPPATH\Controllers\Admin\Candidate.php on line 13.
 1 SYSTEMPATH\CodeIgniter.php(904): App\Controllers\Admin\Candidate->__construct()
 2 SYSTEMPATH\CodeIgniter.php(488): CodeIgniter\CodeIgniter->createController()
 3 SYSTEMPATH\CodeIgniter.php(366): CodeIgniter\CodeIgniter->handleRequest(null, Object(Config\Cache), false)
 4 FCPATH\index.php(67): CodeIgniter\CodeIgniter->run()
 5 SYSTEMPATH\Commands\Server\rewrite.php(47): require_once('C:\\xampp\\htdocs\\Backoffice\\public\\index.php')
WARNING - 2023-09-12 04:59:06 --> [DEPRECATED] Creation of dynamic property App\Controllers\Admin\Candidate::$LmsModel is deprecated in APPPATH\Controllers\Admin\Candidate.php on line 14.
 1 SYSTEMPATH\CodeIgniter.php(904): App\Controllers\Admin\Candidate->__construct()
 2 SYSTEMPATH\CodeIgniter.php(488): CodeIgniter\CodeIgniter->createController()
 3 SYSTEMPATH\CodeIgniter.php(366): CodeIgniter\CodeIgniter->handleRequest(null, Object(Config\Cache), false)
 4 FCPATH\index.php(67): CodeIgniter\CodeIgniter->run()
 5 SYSTEMPATH\Commands\Server\rewrite.php(47): require_once('C:\\xampp\\htdocs\\Backoffice\\public\\index.php')
INFO - 2023-09-12 04:59:07 --> Session: Class initialized using 'CodeIgniter\Session\Handlers\FileHandler' driver.
WARNING - 2023-09-12 04:59:07 --> [DEPRECATED] Creation of dynamic property App\Controllers\Admin\Admin::$session is deprecated in APPPATH\Controllers\Admin\Admin.php on line 12.
 1 SYSTEMPATH\CodeIgniter.php(904): App\Controllers\Admin\Admin->__construct()
 2 SYSTEMPATH\CodeIgniter.php(488): CodeIgniter\CodeIgniter->createController()
 3 SYSTEMPATH\CodeIgniter.php(366): CodeIgniter\CodeIgniter->handleRequest(null, Object(Config\Cache), false)
 4 FCPATH\index.php(67): CodeIgniter\CodeIgniter->run()
 5 SYSTEMPATH\Commands\Server\rewrite.php(47): require_once('C:\\xampp\\htdocs\\Backoffice\\public\\index.php')
WARNING - 2023-09-12 04:59:07 --> [DEPRECATED] Creation of dynamic property App\Controllers\Admin\Admin::$AdminModel is deprecated in APPPATH\Controllers\Admin\Admin.php on line 13.
 1 SYSTEMPATH\CodeIgniter.php(904): App\Controllers\Admin\Admin->__construct()
 2 SYSTEMPATH\CodeIgniter.php(488): CodeIgniter\CodeIgniter->createController()
 3 SYSTEMPATH\CodeIgniter.php(366): CodeIgniter\CodeIgniter->handleRequest(null, Object(Config\Cache), false)
 4 FCPATH\index.php(67): CodeIgniter\CodeIgniter->run()
 5 SYSTEMPATH\Commands\Server\rewrite.php(47): require_once('C:\\xampp\\htdocs\\Backoffice\\public\\index.php')
WARNING - 2023-09-12 04:59:07 --> [DEPRECATED] Creation of dynamic property App\Controllers\Admin\Admin::$data is deprecated in APPPATH\Controllers\Admin\Admin.php on line 23.
 1 SYSTEMPATH\CodeIgniter.php(932): App\Controllers\Admin\Admin->login()
 2 SYSTEMPATH\CodeIgniter.php(497): CodeIgniter\CodeIgniter->runController(Object(App\Controllers\Admin\Admin))
 3 SYSTEMPATH\CodeIgniter.php(366): CodeIgniter\CodeIgniter->handleRequest(null, Object(Config\Cache), false)
 4 FCPATH\index.php(67): CodeIgniter\CodeIgniter->run()
 5 SYSTEMPATH\Commands\Server\rewrite.php(47): require_once('C:\\xampp\\htdocs\\Backoffice\\public\\index.php')
INFO - 2023-09-12 04:59:45 --> Session: Class initialized using 'CodeIgniter\Session\Handlers\FileHandler' driver.
WARNING - 2023-09-12 04:59:45 --> [DEPRECATED] Creation of dynamic property App\Controllers\Employee\Attendance::$session is deprecated in APPPATH\Controllers\Employee\Attendance.php on line 12.
 1 SYSTEMPATH\CodeIgniter.php(904): App\Controllers\Employee\Attendance->__construct()
 2 SYSTEMPATH\CodeIgniter.php(488): CodeIgniter\CodeIgniter->createController()
 3 SYSTEMPATH\CodeIgniter.php(366): CodeIgniter\CodeIgniter->handleRequest(null, Object(Config\Cache), false)
 4 FCPATH\index.php(67): CodeIgniter\CodeIgniter->run()
 5 SYSTEMPATH\Commands\Server\rewrite.php(47): require_once('C:\\xampp\\htdocs\\Backoffice\\public\\index.php')
WARNING - 2023-09-12 04:59:45 --> [DEPRECATED] Creation of dynamic property App\Controllers\Employee\Attendance::$LmsModel is deprecated in APPPATH\Controllers\Employee\Attendance.php on line 13.
 1 SYSTEMPATH\CodeIgniter.php(904): App\Controllers\Employee\Attendance->__construct()
 2 SYSTEMPATH\CodeIgniter.php(488): CodeIgniter\CodeIgniter->createController()
 3 SYSTEMPATH\CodeIgniter.php(366): CodeIgniter\CodeIgniter->handleRequest(null, Object(Config\Cache), false)
 4 FCPATH\index.php(67): CodeIgniter\CodeIgniter->run()
 5 SYSTEMPATH\Commands\Server\rewrite.php(47): require_once('C:\\xampp\\htdocs\\Backoffice\\public\\index.php')
INFO - 2023-09-12 04:59:45 --> Session: Class initialized using 'CodeIgniter\Session\Handlers\FileHandler' driver.
WARNING - 2023-09-12 04:59:45 --> [DEPRECATED] Creation of dynamic property App\Controllers\Employee\Employee_setup::$session is deprecated in APPPATH\Controllers\Employee\Employee_setup.php on line 12.
 1 SYSTEMPATH\CodeIgniter.php(904): App\Controllers\Employee\Employee_setup->__construct()
 2 SYSTEMPATH\CodeIgniter.php(488): CodeIgniter\CodeIgniter->createController()
 3 SYSTEMPATH\CodeIgniter.php(366): CodeIgniter\CodeIgniter->handleRequest(null, Object(Config\Cache), false)
 4 FCPATH\index.php(67): CodeIgniter\CodeIgniter->run()
 5 SYSTEMPATH\Commands\Server\rewrite.php(47): require_once('C:\\xampp\\htdocs\\Backoffice\\public\\index.php')
WARNING - 2023-09-12 04:59:45 --> [DEPRECATED] Creation of dynamic property App\Controllers\Employee\Employee_setup::$AdminModel is deprecated in APPPATH\Controllers\Employee\Employee_setup.php on line 13.
 1 SYSTEMPATH\CodeIgniter.php(904): App\Controllers\Employee\Employee_setup->__construct()
 2 SYSTEMPATH\CodeIgniter.php(488): CodeIgniter\CodeIgniter->createController()
 3 SYSTEMPATH\CodeIgniter.php(366): CodeIgniter\CodeIgniter->handleRequest(null, Object(Config\Cache), false)
 4 FCPATH\index.php(67): CodeIgniter\CodeIgniter->run()
 5 SYSTEMPATH\Commands\Server\rewrite.php(47): require_once('C:\\xampp\\htdocs\\Backoffice\\public\\index.php')
WARNING - 2023-09-12 04:59:45 --> [DEPRECATED] Creation of dynamic property App\Controllers\Employee\Employee_setup::$data is deprecated in APPPATH\Controllers\Employee\Employee_setup.php on line 22.
 1 SYSTEMPATH\CodeIgniter.php(932): App\Controllers\Employee\Employee_setup->index()
 2 SYSTEMPATH\CodeIgniter.php(497): CodeIgniter\CodeIgniter->runController(Object(App\Controllers\Employee\Employee_setup))
 3 SYSTEMPATH\CodeIgniter.php(366): CodeIgniter\CodeIgniter->handleRequest(null, Object(Config\Cache), false)
 4 FCPATH\index.php(67): CodeIgniter\CodeIgniter->run()
 5 SYSTEMPATH\Commands\Server\rewrite.php(47): require_once('C:\\xampp\\htdocs\\Backoffice\\public\\index.php')
INFO - 2023-09-12 04:59:45 --> Session: Class initialized using 'CodeIgniter\Session\Handlers\FileHandler' driver.
WARNING - 2023-09-12 04:59:45 --> [DEPRECATED] Creation of dynamic property App\Controllers\Employee\Attendance::$session is deprecated in APPPATH\Controllers\Employee\Attendance.php on line 12.
 1 SYSTEMPATH\CodeIgniter.php(904): App\Controllers\Employee\Attendance->__construct()
 2 SYSTEMPATH\CodeIgniter.php(488): CodeIgniter\CodeIgniter->createController()
 3 SYSTEMPATH\CodeIgniter.php(366): CodeIgniter\CodeIgniter->handleRequest(null, Object(Config\Cache), false)
 4 FCPATH\index.php(67): CodeIgniter\CodeIgniter->run()
 5 SYSTEMPATH\Commands\Server\rewrite.php(47): require_once('C:\\xampp\\htdocs\\Backoffice\\public\\index.php')
WARNING - 2023-09-12 04:59:45 --> [DEPRECATED] Creation of dynamic property App\Controllers\Employee\Attendance::$LmsModel is deprecated in APPPATH\Controllers\Employee\Attendance.php on line 13.
 1 SYSTEMPATH\CodeIgniter.php(904): App\Controllers\Employee\Attendance->__construct()
 2 SYSTEMPATH\CodeIgniter.php(488): CodeIgniter\CodeIgniter->createController()
 3 SYSTEMPATH\CodeIgniter.php(366): CodeIgniter\CodeIgniter->handleRequest(null, Object(Config\Cache), false)
 4 FCPATH\index.php(67): CodeIgniter\CodeIgniter->run()
 5 SYSTEMPATH\Commands\Server\rewrite.php(47): require_once('C:\\xampp\\htdocs\\Backoffice\\public\\index.php')
INFO - 2023-09-12 04:59:45 --> Session: Class initialized using 'CodeIgniter\Session\Handlers\FileHandler' driver.
WARNING - 2023-09-12 04:59:45 --> [DEPRECATED] Creation of dynamic property App\Controllers\Employee\Employee_setup::$session is deprecated in APPPATH\Controllers\Employee\Employee_setup.php on line 12.
 1 SYSTEMPATH\CodeIgniter.php(904): App\Controllers\Employee\Employee_setup->__construct()
 2 SYSTEMPATH\CodeIgniter.php(488): CodeIgniter\CodeIgniter->createController()
 3 SYSTEMPATH\CodeIgniter.php(366): CodeIgniter\CodeIgniter->handleRequest(null, Object(Config\Cache), false)
 4 FCPATH\index.php(67): CodeIgniter\CodeIgniter->run()
 5 SYSTEMPATH\Commands\Server\rewrite.php(47): require_once('C:\\xampp\\htdocs\\Backoffice\\public\\index.php')
WARNING - 2023-09-12 04:59:45 --> [DEPRECATED] Creation of dynamic property App\Controllers\Employee\Employee_setup::$AdminModel is deprecated in APPPATH\Controllers\Employee\Employee_setup.php on line 13.
 1 SYSTEMPATH\CodeIgniter.php(904): App\Controllers\Employee\Employee_setup->__construct()
 2 SYSTEMPATH\CodeIgniter.php(488): CodeIgniter\CodeIgniter->createController()
 3 SYSTEMPATH\CodeIgniter.php(366): CodeIgniter\CodeIgniter->handleRequest(null, Object(Config\Cache), false)
 4 FCPATH\index.php(67): CodeIgniter\CodeIgniter->run()
 5 SYSTEMPATH\Commands\Server\rewrite.php(47): require_once('C:\\xampp\\htdocs\\Backoffice\\public\\index.php')
WARNING - 2023-09-12 04:59:45 --> [DEPRECATED] Creation of dynamic property App\Controllers\Employee\Employee_setup::$data is deprecated in APPPATH\Controllers\Employee\Employee_setup.php on line 22.
 1 SYSTEMPATH\CodeIgniter.php(932): App\Controllers\Employee\Employee_setup->index()
 2 SYSTEMPATH\CodeIgniter.php(497): CodeIgniter\CodeIgniter->runController(Object(App\Controllers\Employee\Employee_setup))
 3 SYSTEMPATH\CodeIgniter.php(366): CodeIgniter\CodeIgniter->handleRequest(null, Object(Config\Cache), false)
 4 FCPATH\index.php(67): CodeIgniter\CodeIgniter->run()
 5 SYSTEMPATH\Commands\Server\rewrite.php(47): require_once('C:\\xampp\\htdocs\\Backoffice\\public\\index.php')
INFO - 2023-09-12 05:00:06 --> Session: Class initialized using 'CodeIgniter\Session\Handlers\FileHandler' driver.
WARNING - 2023-09-12 05:00:06 --> [DEPRECATED] Creation of dynamic property App\Controllers\Admin\Admin::$session is deprecated in APPPATH\Controllers\Admin\Admin.php on line 12.
 1 SYSTEMPATH\CodeIgniter.php(904): App\Controllers\Admin\Admin->__construct()
 2 SYSTEMPATH\CodeIgniter.php(488): CodeIgniter\CodeIgniter->createController()
 3 SYSTEMPATH\CodeIgniter.php(366): CodeIgniter\CodeIgniter->handleRequest(null, Object(Config\Cache), false)
 4 FCPATH\index.php(67): CodeIgniter\CodeIgniter->run()
 5 SYSTEMPATH\Commands\Server\rewrite.php(47): require_once('C:\\xampp\\htdocs\\Backoffice\\public\\index.php')
WARNING - 2023-09-12 05:00:06 --> [DEPRECATED] Creation of dynamic property App\Controllers\Admin\Admin::$AdminModel is deprecated in APPPATH\Controllers\Admin\Admin.php on line 13.
 1 SYSTEMPATH\CodeIgniter.php(904): App\Controllers\Admin\Admin->__construct()
 2 SYSTEMPATH\CodeIgniter.php(488): CodeIgniter\CodeIgniter->createController()
 3 SYSTEMPATH\CodeIgniter.php(366): CodeIgniter\CodeIgniter->handleRequest(null, Object(Config\Cache), false)
 4 FCPATH\index.php(67): CodeIgniter\CodeIgniter->run()
 5 SYSTEMPATH\Commands\Server\rewrite.php(47): require_once('C:\\xampp\\htdocs\\Backoffice\\public\\index.php')
INFO - 2023-09-12 05:00:06 --> Session: Class initialized using 'CodeIgniter\Session\Handlers\FileHandler' driver.
WARNING - 2023-09-12 05:00:06 --> [DEPRECATED] Creation of dynamic property App\Controllers\Admin\Admin::$session is deprecated in APPPATH\Controllers\Admin\Admin.php on line 12.
 1 SYSTEMPATH\CodeIgniter.php(904): App\Controllers\Admin\Admin->__construct()
 2 SYSTEMPATH\CodeIgniter.php(488): CodeIgniter\CodeIgniter->createController()
 3 SYSTEMPATH\CodeIgniter.php(366): CodeIgniter\CodeIgniter->handleRequest(null, Object(Config\Cache), false)
 4 FCPATH\index.php(67): CodeIgniter\CodeIgniter->run()
 5 SYSTEMPATH\Commands\Server\rewrite.php(47): require_once('C:\\xampp\\htdocs\\Backoffice\\public\\index.php')
WARNING - 2023-09-12 05:00:06 --> [DEPRECATED] Creation of dynamic property App\Controllers\Admin\Admin::$AdminModel is deprecated in APPPATH\Controllers\Admin\Admin.php on line 13.
 1 SYSTEMPATH\CodeIgniter.php(904): App\Controllers\Admin\Admin->__construct()
 2 SYSTEMPATH\CodeIgniter.php(488): CodeIgniter\CodeIgniter->createController()
 3 SYSTEMPATH\CodeIgniter.php(366): CodeIgniter\CodeIgniter->handleRequest(null, Object(Config\Cache), false)
 4 FCPATH\index.php(67): CodeIgniter\CodeIgniter->run()
 5 SYSTEMPATH\Commands\Server\rewrite.php(47): require_once('C:\\xampp\\htdocs\\Backoffice\\public\\index.php')
WARNING - 2023-09-12 05:00:06 --> [DEPRECATED] Creation of dynamic property App\Controllers\Admin\Admin::$data is deprecated in APPPATH\Controllers\Admin\Admin.php on line 87.
 1 SYSTEMPATH\CodeIgniter.php(932): App\Controllers\Admin\Admin->dashboard()
 2 SYSTEMPATH\CodeIgniter.php(497): CodeIgniter\CodeIgniter->runController(Object(App\Controllers\Admin\Admin))
 3 SYSTEMPATH\CodeIgniter.php(366): CodeIgniter\CodeIgniter->handleRequest(null, Object(Config\Cache), false)
 4 FCPATH\index.php(67): CodeIgniter\CodeIgniter->run()
 5 SYSTEMPATH\Commands\Server\rewrite.php(47): require_once('C:\\xampp\\htdocs\\Backoffice\\public\\index.php')
INFO - 2023-09-12 05:00:59 --> Session: Class initialized using 'CodeIgniter\Session\Handlers\FileHandler' driver.
WARNING - 2023-09-12 05:00:59 --> [DEPRECATED] Creation of dynamic property App\Controllers\Admin\Candidate::$session is deprecated in APPPATH\Controllers\Admin\Candidate.php on line 13.
 1 SYSTEMPATH\CodeIgniter.php(904): App\Controllers\Admin\Candidate->__construct()
 2 SYSTEMPATH\CodeIgniter.php(488): CodeIgniter\CodeIgniter->createController()
 3 SYSTEMPATH\CodeIgniter.php(366): CodeIgniter\CodeIgniter->handleRequest(null, Object(Config\Cache), false)
 4 FCPATH\index.php(67): CodeIgniter\CodeIgniter->run()
 5 SYSTEMPATH\Commands\Server\rewrite.php(47): require_once('C:\\xampp\\htdocs\\Backoffice\\public\\index.php')
WARNING - 2023-09-12 05:00:59 --> [DEPRECATED] Creation of dynamic property App\Controllers\Admin\Candidate::$LmsModel is deprecated in APPPATH\Controllers\Admin\Candidate.php on line 14.
 1 SYSTEMPATH\CodeIgniter.php(904): App\Controllers\Admin\Candidate->__construct()
 2 SYSTEMPATH\CodeIgniter.php(488): CodeIgniter\CodeIgniter->createController()
 3 SYSTEMPATH\CodeIgniter.php(366): CodeIgniter\CodeIgniter->handleRequest(null, Object(Config\Cache), false)
 4 FCPATH\index.php(67): CodeIgniter\CodeIgniter->run()
 5 SYSTEMPATH\Commands\Server\rewrite.php(47): require_once('C:\\xampp\\htdocs\\Backoffice\\public\\index.php')
WARNING - 2023-09-12 05:00:59 --> [DEPRECATED] Creation of dynamic property App\Controllers\Admin\Candidate::$data is deprecated in APPPATH\Controllers\Admin\Candidate.php on line 20.
 1 SYSTEMPATH\CodeIgniter.php(932): App\Controllers\Admin\Candidate->index()
 2 SYSTEMPATH\CodeIgniter.php(497): CodeIgniter\CodeIgniter->runController(Object(App\Controllers\Admin\Candidate))
 3 SYSTEMPATH\CodeIgniter.php(366): CodeIgniter\CodeIgniter->handleRequest(null, Object(Config\Cache), false)
 4 FCPATH\index.php(67): CodeIgniter\CodeIgniter->run()
 5 SYSTEMPATH\Commands\Server\rewrite.php(47): require_once('C:\\xampp\\htdocs\\Backoffice\\public\\index.php')
INFO - 2023-09-12 05:00:59 --> Session: Class initialized using 'CodeIgniter\Session\Handlers\FileHandler' driver.
WARNING - 2023-09-12 05:00:59 --> [DEPRECATED] Creation of dynamic property App\Controllers\Admin\Candidate::$session is deprecated in APPPATH\Controllers\Admin\Candidate.php on line 13.
 1 SYSTEMPATH\CodeIgniter.php(904): App\Controllers\Admin\Candidate->__construct()
 2 SYSTEMPATH\CodeIgniter.php(488): CodeIgniter\CodeIgniter->createController()
 3 SYSTEMPATH\CodeIgniter.php(366): CodeIgniter\CodeIgniter->handleRequest(null, Object(Config\Cache), false)
 4 FCPATH\index.php(67): CodeIgniter\CodeIgniter->run()
 5 SYSTEMPATH\Commands\Server\rewrite.php(47): require_once('C:\\xampp\\htdocs\\Backoffice\\public\\index.php')
WARNING - 2023-09-12 05:00:59 --> [DEPRECATED] Creation of dynamic property App\Controllers\Admin\Candidate::$LmsModel is deprecated in APPPATH\Controllers\Admin\Candidate.php on line 14.
 1 SYSTEMPATH\CodeIgniter.php(904): App\Controllers\Admin\Candidate->__construct()
 2 SYSTEMPATH\CodeIgniter.php(488): CodeIgniter\CodeIgniter->createController()
 3 SYSTEMPATH\CodeIgniter.php(366): CodeIgniter\CodeIgniter->handleRequest(null, Object(Config\Cache), false)
 4 FCPATH\index.php(67): CodeIgniter\CodeIgniter->run()
 5 SYSTEMPATH\Commands\Server\rewrite.php(47): require_once('C:\\xampp\\htdocs\\Backoffice\\public\\index.php')
INFO - 2023-09-12 05:01:22 --> Session: Class initialized using 'CodeIgniter\Session\Handlers\FileHandler' driver.
WARNING - 2023-09-12 05:01:22 --> [DEPRECATED] Creation of dynamic property App\Controllers\Employee\Employee_setup::$session is deprecated in APPPATH\Controllers\Employee\Employee_setup.php on line 12.
 1 SYSTEMPATH\CodeIgniter.php(904): App\Controllers\Employee\Employee_setup->__construct()
 2 SYSTEMPATH\CodeIgniter.php(488): CodeIgniter\CodeIgniter->createController()
 3 SYSTEMPATH\CodeIgniter.php(366): CodeIgniter\CodeIgniter->handleRequest(null, Object(Config\Cache), false)
 4 FCPATH\index.php(67): CodeIgniter\CodeIgniter->run()
 5 SYSTEMPATH\Commands\Server\rewrite.php(47): require_once('C:\\xampp\\htdocs\\Backoffice\\public\\index.php')
WARNING - 2023-09-12 05:01:22 --> [DEPRECATED] Creation of dynamic property App\Controllers\Employee\Employee_setup::$AdminModel is deprecated in APPPATH\Controllers\Employee\Employee_setup.php on line 13.
 1 SYSTEMPATH\CodeIgniter.php(904): App\Controllers\Employee\Employee_setup->__construct()
 2 SYSTEMPATH\CodeIgniter.php(488): CodeIgniter\CodeIgniter->createController()
 3 SYSTEMPATH\CodeIgniter.php(366): CodeIgniter\CodeIgniter->handleRequest(null, Object(Config\Cache), false)
 4 FCPATH\index.php(67): CodeIgniter\CodeIgniter->run()
 5 SYSTEMPATH\Commands\Server\rewrite.php(47): require_once('C:\\xampp\\htdocs\\Backoffice\\public\\index.php')
WARNING - 2023-09-12 05:01:22 --> [DEPRECATED] Creation of dynamic property App\Controllers\Employee\Employee_setup::$data is deprecated in APPPATH\Controllers\Employee\Employee_setup.php on line 22.
 1 SYSTEMPATH\CodeIgniter.php(932): App\Controllers\Employee\Employee_setup->index()
 2 SYSTEMPATH\CodeIgniter.php(497): CodeIgniter\CodeIgniter->runController(Object(App\Controllers\Employee\Employee_setup))
 3 SYSTEMPATH\CodeIgniter.php(366): CodeIgniter\CodeIgniter->handleRequest(null, Object(Config\Cache), false)
 4 FCPATH\index.php(67): CodeIgniter\CodeIgniter->run()
 5 SYSTEMPATH\Commands\Server\rewrite.php(47): require_once('C:\\xampp\\htdocs\\Backoffice\\public\\index.php')
INFO - 2023-09-12 05:01:23 --> Session: Class initialized using 'CodeIgniter\Session\Handlers\FileHandler' driver.
WARNING - 2023-09-12 05:01:23 --> [DEPRECATED] Creation of dynamic property App\Controllers\Employee\Employee_setup::$session is deprecated in APPPATH\Controllers\Employee\Employee_setup.php on line 12.
 1 SYSTEMPATH\CodeIgniter.php(904): App\Controllers\Employee\Employee_setup->__construct()
 2 SYSTEMPATH\CodeIgniter.php(488): CodeIgniter\CodeIgniter->createController()
 3 SYSTEMPATH\CodeIgniter.php(366): CodeIgniter\CodeIgniter->handleRequest(null, Object(Config\Cache), false)
 4 FCPATH\index.php(67): CodeIgniter\CodeIgniter->run()
 5 SYSTEMPATH\Commands\Server\rewrite.php(47): require_once('C:\\xampp\\htdocs\\Backoffice\\public\\index.php')
WARNING - 2023-09-12 05:01:23 --> [DEPRECATED] Creation of dynamic property App\Controllers\Employee\Employee_setup::$AdminModel is deprecated in APPPATH\Controllers\Employee\Employee_setup.php on line 13.
 1 SYSTEMPATH\CodeIgniter.php(904): App\Controllers\Employee\Employee_setup->__construct()
 2 SYSTEMPATH\CodeIgniter.php(488): CodeIgniter\CodeIgniter->createController()
 3 SYSTEMPATH\CodeIgniter.php(366): CodeIgniter\CodeIgniter->handleRequest(null, Object(Config\Cache), false)
 4 FCPATH\index.php(67): CodeIgniter\CodeIgniter->run()
 5 SYSTEMPATH\Commands\Server\rewrite.php(47): require_once('C:\\xampp\\htdocs\\Backoffice\\public\\index.php')
WARNING - 2023-09-12 05:01:23 --> [DEPRECATED] Creation of dynamic property App\Controllers\Employee\Employee_setup::$data is deprecated in APPPATH\Controllers\Employee\Employee_setup.php on line 22.
 1 SYSTEMPATH\CodeIgniter.php(932): App\Controllers\Employee\Employee_setup->index()
 2 SYSTEMPATH\CodeIgniter.php(497): CodeIgniter\CodeIgniter->runController(Object(App\Controllers\Employee\Employee_setup))
 3 SYSTEMPATH\CodeIgniter.php(366): CodeIgniter\CodeIgniter->handleRequest(null, Object(Config\Cache), false)
 4 FCPATH\index.php(67): CodeIgniter\CodeIgniter->run()
 5 SYSTEMPATH\Commands\Server\rewrite.php(47): require_once('C:\\xampp\\htdocs\\Backoffice\\public\\index.php')
INFO - 2023-09-12 05:01:31 --> Session: Class initialized using 'CodeIgniter\Session\Handlers\FileHandler' driver.
WARNING - 2023-09-12 05:01:31 --> [DEPRECATED] Creation of dynamic property App\Controllers\Admin\Invoice::$session is deprecated in APPPATH\Controllers\Admin\Invoice.php on line 14.
 1 SYSTEMPATH\CodeIgniter.php(904): App\Controllers\Admin\Invoice->__construct()
 2 SYSTEMPATH\CodeIgniter.php(488): CodeIgniter\CodeIgniter->createController()
 3 SYSTEMPATH\CodeIgniter.php(366): CodeIgniter\CodeIgniter->handleRequest(null, Object(Config\Cache), false)
 4 FCPATH\index.php(67): CodeIgniter\CodeIgniter->run()
 5 SYSTEMPATH\Commands\Server\rewrite.php(47): require_once('C:\\xampp\\htdocs\\Backoffice\\public\\index.php')
WARNING - 2023-09-12 05:01:31 --> [DEPRECATED] Creation of dynamic property App\Controllers\Admin\Invoice::$LmsModel is deprecated in APPPATH\Controllers\Admin\Invoice.php on line 15.
 1 SYSTEMPATH\CodeIgniter.php(904): App\Controllers\Admin\Invoice->__construct()
 2 SYSTEMPATH\CodeIgniter.php(488): CodeIgniter\CodeIgniter->createController()
 3 SYSTEMPATH\CodeIgniter.php(366): CodeIgniter\CodeIgniter->handleRequest(null, Object(Config\Cache), false)
 4 FCPATH\index.php(67): CodeIgniter\CodeIgniter->run()
 5 SYSTEMPATH\Commands\Server\rewrite.php(47): require_once('C:\\xampp\\htdocs\\Backoffice\\public\\index.php')
WARNING - 2023-09-12 05:01:31 --> [DEPRECATED] Creation of dynamic property App\Controllers\Admin\Invoice::$data is deprecated in APPPATH\Controllers\Admin\Invoice.php on line 45.
 1 SYSTEMPATH\CodeIgniter.php(932): App\Controllers\Admin\Invoice->index()
 2 SYSTEMPATH\CodeIgniter.php(497): CodeIgniter\CodeIgniter->runController(Object(App\Controllers\Admin\Invoice))
 3 SYSTEMPATH\CodeIgniter.php(366): CodeIgniter\CodeIgniter->handleRequest(null, Object(Config\Cache), false)
 4 FCPATH\index.php(67): CodeIgniter\CodeIgniter->run()
 5 SYSTEMPATH\Commands\Server\rewrite.php(47): require_once('C:\\xampp\\htdocs\\Backoffice\\public\\index.php')
INFO - 2023-09-12 05:18:21 --> Session: Class initialized using 'CodeIgniter\Session\Handlers\FileHandler' driver.
WARNING - 2023-09-12 05:18:21 --> [DEPRECATED] Creation of dynamic property App\Controllers\Admin\Invoice::$session is deprecated in APPPATH\Controllers\Admin\Invoice.php on line 14.
 1 SYSTEMPATH\CodeIgniter.php(904): App\Controllers\Admin\Invoice->__construct()
 2 SYSTEMPATH\CodeIgniter.php(488): CodeIgniter\CodeIgniter->createController()
 3 SYSTEMPATH\CodeIgniter.php(366): CodeIgniter\CodeIgniter->handleRequest(null, Object(Config\Cache), false)
 4 FCPATH\index.php(67): CodeIgniter\CodeIgniter->run()
 5 SYSTEMPATH\Commands\Server\rewrite.php(47): require_once('C:\\xampp\\htdocs\\Backoffice\\public\\index.php')
WARNING - 2023-09-12 05:18:22 --> [DEPRECATED] Creation of dynamic property App\Controllers\Admin\Invoice::$LmsModel is deprecated in APPPATH\Controllers\Admin\Invoice.php on line 15.
 1 SYSTEMPATH\CodeIgniter.php(904): App\Controllers\Admin\Invoice->__construct()
 2 SYSTEMPATH\CodeIgniter.php(488): CodeIgniter\CodeIgniter->createController()
 3 SYSTEMPATH\CodeIgniter.php(366): CodeIgniter\CodeIgniter->handleRequest(null, Object(Config\Cache), false)
 4 FCPATH\index.php(67): CodeIgniter\CodeIgniter->run()
 5 SYSTEMPATH\Commands\Server\rewrite.php(47): require_once('C:\\xampp\\htdocs\\Backoffice\\public\\index.php')
WARNING - 2023-09-12 05:18:22 --> [DEPRECATED] Creation of dynamic property App\Controllers\Admin\Invoice::$data is deprecated in APPPATH\Controllers\Admin\Invoice.php on line 61.
 1 SYSTEMPATH\CodeIgniter.php(932): App\Controllers\Admin\Invoice->invoice_generate()
 2 SYSTEMPATH\CodeIgniter.php(497): CodeIgniter\CodeIgniter->runController(Object(App\Controllers\Admin\Invoice))
 3 SYSTEMPATH\CodeIgniter.php(366): CodeIgniter\CodeIgniter->handleRequest(null, Object(Config\Cache), false)
 4 FCPATH\index.php(67): CodeIgniter\CodeIgniter->run()
 5 SYSTEMPATH\Commands\Server\rewrite.php(47): require_once('C:\\xampp\\htdocs\\Backoffice\\public\\index.php')
INFO - 2023-09-12 05:27:49 --> Session: Class initialized using 'CodeIgniter\Session\Handlers\FileHandler' driver.
WARNING - 2023-09-12 05:27:49 --> [DEPRECATED] Creation of dynamic property App\Controllers\Admin\Invoice::$session is deprecated in APPPATH\Controllers\Admin\Invoice.php on line 14.
 1 SYSTEMPATH\CodeIgniter.php(904): App\Controllers\Admin\Invoice->__construct()
 2 SYSTEMPATH\CodeIgniter.php(488): CodeIgniter\CodeIgniter->createController()
 3 SYSTEMPATH\CodeIgniter.php(366): CodeIgniter\CodeIgniter->handleRequest(null, Object(Config\Cache), false)
 4 FCPATH\index.php(67): CodeIgniter\CodeIgniter->run()
 5 SYSTEMPATH\Commands\Server\rewrite.php(47): require_once('C:\\xampp\\htdocs\\Backoffice\\public\\index.php')
WARNING - 2023-09-12 05:27:49 --> [DEPRECATED] Creation of dynamic property App\Controllers\Admin\Invoice::$LmsModel is deprecated in APPPATH\Controllers\Admin\Invoice.php on line 15.
 1 SYSTEMPATH\CodeIgniter.php(904): App\Controllers\Admin\Invoice->__construct()
 2 SYSTEMPATH\CodeIgniter.php(488): CodeIgniter\CodeIgniter->createController()
 3 SYSTEMPATH\CodeIgniter.php(366): CodeIgniter\CodeIgniter->handleRequest(null, Object(Config\Cache), false)
 4 FCPATH\index.php(67): CodeIgniter\CodeIgniter->run()
 5 SYSTEMPATH\Commands\Server\rewrite.php(47): require_once('C:\\xampp\\htdocs\\Backoffice\\public\\index.php')
WARNING - 2023-09-12 05:27:49 --> [DEPRECATED] Creation of dynamic property App\Controllers\Admin\Invoice::$data is deprecated in APPPATH\Controllers\Admin\Invoice.php on line 61.
 1 SYSTEMPATH\CodeIgniter.php(932): App\Controllers\Admin\Invoice->invoice_generate()
 2 SYSTEMPATH\CodeIgniter.php(497): CodeIgniter\CodeIgniter->runController(Object(App\Controllers\Admin\Invoice))
 3 SYSTEMPATH\CodeIgniter.php(366): CodeIgniter\CodeIgniter->handleRequest(null, Object(Config\Cache), false)
 4 FCPATH\index.php(67): CodeIgniter\CodeIgniter->run()
 5 SYSTEMPATH\Commands\Server\rewrite.php(47): require_once('C:\\xampp\\htdocs\\Backoffice\\public\\index.php')
INFO - 2023-09-12 05:30:19 --> Session: Class initialized using 'CodeIgniter\Session\Handlers\FileHandler' driver.
WARNING - 2023-09-12 05:30:19 --> [DEPRECATED] Creation of dynamic property App\Controllers\Admin\Invoice::$session is deprecated in APPPATH\Controllers\Admin\Invoice.php on line 14.
 1 SYSTEMPATH\CodeIgniter.php(904): App\Controllers\Admin\Invoice->__construct()
 2 SYSTEMPATH\CodeIgniter.php(488): CodeIgniter\CodeIgniter->createController()
 3 SYSTEMPATH\CodeIgniter.php(366): CodeIgniter\CodeIgniter->handleRequest(null, Object(Config\Cache), false)
 4 FCPATH\index.php(67): CodeIgniter\CodeIgniter->run()
 5 SYSTEMPATH\Commands\Server\rewrite.php(47): require_once('C:\\xampp\\htdocs\\Backoffice\\public\\index.php')
WARNING - 2023-09-12 05:30:19 --> [DEPRECATED] Creation of dynamic property App\Controllers\Admin\Invoice::$LmsModel is deprecated in APPPATH\Controllers\Admin\Invoice.php on line 15.
 1 SYSTEMPATH\CodeIgniter.php(904): App\Controllers\Admin\Invoice->__construct()
 2 SYSTEMPATH\CodeIgniter.php(488): CodeIgniter\CodeIgniter->createController()
 3 SYSTEMPATH\CodeIgniter.php(366): CodeIgniter\CodeIgniter->handleRequest(null, Object(Config\Cache), false)
 4 FCPATH\index.php(67): CodeIgniter\CodeIgniter->run()
 5 SYSTEMPATH\Commands\Server\rewrite.php(47): require_once('C:\\xampp\\htdocs\\Backoffice\\public\\index.php')
WARNING - 2023-09-12 05:30:19 --> [DEPRECATED] Creation of dynamic property App\Controllers\Admin\Invoice::$data is deprecated in APPPATH\Controllers\Admin\Invoice.php on line 61.
 1 SYSTEMPATH\CodeIgniter.php(932): App\Controllers\Admin\Invoice->invoice_generate()
 2 SYSTEMPATH\CodeIgniter.php(497): CodeIgniter\CodeIgniter->runController(Object(App\Controllers\Admin\Invoice))
 3 SYSTEMPATH\CodeIgniter.php(366): CodeIgniter\CodeIgniter->handleRequest(null, Object(Config\Cache), false)
 4 FCPATH\index.php(67): CodeIgniter\CodeIgniter->run()
 5 SYSTEMPATH\Commands\Server\rewrite.php(47): require_once('C:\\xampp\\htdocs\\Backoffice\\public\\index.php')
INFO - 2023-09-12 05:30:23 --> Session: Class initialized using 'CodeIgniter\Session\Handlers\FileHandler' driver.
WARNING - 2023-09-12 05:30:23 --> [DEPRECATED] Creation of dynamic property App\Controllers\Admin\Invoice::$session is deprecated in APPPATH\Controllers\Admin\Invoice.php on line 14.
 1 SYSTEMPATH\CodeIgniter.php(904): App\Controllers\Admin\Invoice->__construct()
 2 SYSTEMPATH\CodeIgniter.php(488): CodeIgniter\CodeIgniter->createController()
 3 SYSTEMPATH\CodeIgniter.php(366): CodeIgniter\CodeIgniter->handleRequest(null, Object(Config\Cache), false)
 4 FCPATH\index.php(67): CodeIgniter\CodeIgniter->run()
 5 SYSTEMPATH\Commands\Server\rewrite.php(47): require_once('C:\\xampp\\htdocs\\Backoffice\\public\\index.php')
WARNING - 2023-09-12 05:30:23 --> [DEPRECATED] Creation of dynamic property App\Controllers\Admin\Invoice::$LmsModel is deprecated in APPPATH\Controllers\Admin\Invoice.php on line 15.
 1 SYSTEMPATH\CodeIgniter.php(904): App\Controllers\Admin\Invoice->__construct()
 2 SYSTEMPATH\CodeIgniter.php(488): CodeIgniter\CodeIgniter->createController()
 3 SYSTEMPATH\CodeIgniter.php(366): CodeIgniter\CodeIgniter->handleRequest(null, Object(Config\Cache), false)
 4 FCPATH\index.php(67): CodeIgniter\CodeIgniter->run()
 5 SYSTEMPATH\Commands\Server\rewrite.php(47): require_once('C:\\xampp\\htdocs\\Backoffice\\public\\index.php')
WARNING - 2023-09-12 05:30:23 --> [DEPRECATED] Creation of dynamic property App\Controllers\Admin\Invoice::$data is deprecated in APPPATH\Controllers\Admin\Invoice.php on line 45.
 1 SYSTEMPATH\CodeIgniter.php(932): App\Controllers\Admin\Invoice->index()
 2 SYSTEMPATH\CodeIgniter.php(497): CodeIgniter\CodeIgniter->runController(Object(App\Controllers\Admin\Invoice))
 3 SYSTEMPATH\CodeIgniter.php(366): CodeIgniter\CodeIgniter->handleRequest(null, Object(Config\Cache), false)
 4 FCPATH\index.php(67): CodeIgniter\CodeIgniter->run()
 5 SYSTEMPATH\Commands\Server\rewrite.php(47): require_once('C:\\xampp\\htdocs\\Backoffice\\public\\index.php')
INFO - 2023-09-12 05:30:41 --> Session: Class initialized using 'CodeIgniter\Session\Handlers\FileHandler' driver.
WARNING - 2023-09-12 05:30:41 --> [DEPRECATED] Creation of dynamic property App\Controllers\Admin\Invoice::$session is deprecated in APPPATH\Controllers\Admin\Invoice.php on line 14.
 1 SYSTEMPATH\CodeIgniter.php(904): App\Controllers\Admin\Invoice->__construct()
 2 SYSTEMPATH\CodeIgniter.php(488): CodeIgniter\CodeIgniter->createController()
 3 SYSTEMPATH\CodeIgniter.php(366): CodeIgniter\CodeIgniter->handleRequest(null, Object(Config\Cache), false)
 4 FCPATH\index.php(67): CodeIgniter\CodeIgniter->run()
 5 SYSTEMPATH\Commands\Server\rewrite.php(47): require_once('C:\\xampp\\htdocs\\Backoffice\\public\\index.php')
WARNING - 2023-09-12 05:30:41 --> [DEPRECATED] Creation of dynamic property App\Controllers\Admin\Invoice::$LmsModel is deprecated in APPPATH\Controllers\Admin\Invoice.php on line 15.
 1 SYSTEMPATH\CodeIgniter.php(904): App\Controllers\Admin\Invoice->__construct()
 2 SYSTEMPATH\CodeIgniter.php(488): CodeIgniter\CodeIgniter->createController()
 3 SYSTEMPATH\CodeIgniter.php(366): CodeIgniter\CodeIgniter->handleRequest(null, Object(Config\Cache), false)
 4 FCPATH\index.php(67): CodeIgniter\CodeIgniter->run()
 5 SYSTEMPATH\Commands\Server\rewrite.php(47): require_once('C:\\xampp\\htdocs\\Backoffice\\public\\index.php')
WARNING - 2023-09-12 05:30:41 --> [DEPRECATED] Creation of dynamic property App\Controllers\Admin\Invoice::$data is deprecated in APPPATH\Controllers\Admin\Invoice.php on line 61.
 1 SYSTEMPATH\CodeIgniter.php(932): App\Controllers\Admin\Invoice->invoice_generate()
 2 SYSTEMPATH\CodeIgniter.php(497): CodeIgniter\CodeIgniter->runController(Object(App\Controllers\Admin\Invoice))
 3 SYSTEMPATH\CodeIgniter.php(366): CodeIgniter\CodeIgniter->handleRequest(null, Object(Config\Cache), false)
 4 FCPATH\index.php(67): CodeIgniter\CodeIgniter->run()
 5 SYSTEMPATH\Commands\Server\rewrite.php(47): require_once('C:\\xampp\\htdocs\\Backoffice\\public\\index.php')
INFO - 2023-09-12 05:32:40 --> Session: Class initialized using 'CodeIgniter\Session\Handlers\FileHandler' driver.
WARNING - 2023-09-12 05:32:40 --> [DEPRECATED] Creation of dynamic property App\Controllers\Admin\Invoice::$session is deprecated in APPPATH\Controllers\Admin\Invoice.php on line 14.
 1 SYSTEMPATH\CodeIgniter.php(904): App\Controllers\Admin\Invoice->__construct()
 2 SYSTEMPATH\CodeIgniter.php(488): CodeIgniter\CodeIgniter->createController()
 3 SYSTEMPATH\CodeIgniter.php(366): CodeIgniter\CodeIgniter->handleRequest(null, Object(Config\Cache), false)
 4 FCPATH\index.php(67): CodeIgniter\CodeIgniter->run()
 5 SYSTEMPATH\Commands\Server\rewrite.php(47): require_once('C:\\xampp\\htdocs\\Backoffice\\public\\index.php')
WARNING - 2023-09-12 05:32:40 --> [DEPRECATED] Creation of dynamic property App\Controllers\Admin\Invoice::$LmsModel is deprecated in APPPATH\Controllers\Admin\Invoice.php on line 15.
 1 SYSTEMPATH\CodeIgniter.php(904): App\Controllers\Admin\Invoice->__construct()
 2 SYSTEMPATH\CodeIgniter.php(488): CodeIgniter\CodeIgniter->createController()
 3 SYSTEMPATH\CodeIgniter.php(366): CodeIgniter\CodeIgniter->handleRequest(null, Object(Config\Cache), false)
 4 FCPATH\index.php(67): CodeIgniter\CodeIgniter->run()
 5 SYSTEMPATH\Commands\Server\rewrite.php(47): require_once('C:\\xampp\\htdocs\\Backoffice\\public\\index.php')
WARNING - 2023-09-12 05:32:40 --> [DEPRECATED] Creation of dynamic property App\Controllers\Admin\Invoice::$data is deprecated in APPPATH\Controllers\Admin\Invoice.php on line 61.
 1 SYSTEMPATH\CodeIgniter.php(932): App\Controllers\Admin\Invoice->invoice_generate()
 2 SYSTEMPATH\CodeIgniter.php(497): CodeIgniter\CodeIgniter->runController(Object(App\Controllers\Admin\Invoice))
 3 SYSTEMPATH\CodeIgniter.php(366): CodeIgniter\CodeIgniter->handleRequest(null, Object(Config\Cache), false)
 4 FCPATH\index.php(67): CodeIgniter\CodeIgniter->run()
 5 SYSTEMPATH\Commands\Server\rewrite.php(47): require_once('C:\\xampp\\htdocs\\Backoffice\\public\\index.php')
INFO - 2023-09-12 05:32:51 --> Session: Class initialized using 'CodeIgniter\Session\Handlers\FileHandler' driver.
WARNING - 2023-09-12 05:32:51 --> [DEPRECATED] Creation of dynamic property App\Controllers\Admin\Invoice::$session is deprecated in APPPATH\Controllers\Admin\Invoice.php on line 14.
 1 SYSTEMPATH\CodeIgniter.php(904): App\Controllers\Admin\Invoice->__construct()
 2 SYSTEMPATH\CodeIgniter.php(488): CodeIgniter\CodeIgniter->createController()
 3 SYSTEMPATH\CodeIgniter.php(366): CodeIgniter\CodeIgniter->handleRequest(null, Object(Config\Cache), false)
 4 FCPATH\index.php(67): CodeIgniter\CodeIgniter->run()
 5 SYSTEMPATH\Commands\Server\rewrite.php(47): require_once('C:\\xampp\\htdocs\\Backoffice\\public\\index.php')
WARNING - 2023-09-12 05:32:51 --> [DEPRECATED] Creation of dynamic property App\Controllers\Admin\Invoice::$LmsModel is deprecated in APPPATH\Controllers\Admin\Invoice.php on line 15.
 1 SYSTEMPATH\CodeIgniter.php(904): App\Controllers\Admin\Invoice->__construct()
 2 SYSTEMPATH\CodeIgniter.php(488): CodeIgniter\CodeIgniter->createController()
 3 SYSTEMPATH\CodeIgniter.php(366): CodeIgniter\CodeIgniter->handleRequest(null, Object(Config\Cache), false)
 4 FCPATH\index.php(67): CodeIgniter\CodeIgniter->run()
 5 SYSTEMPATH\Commands\Server\rewrite.php(47): require_once('C:\\xampp\\htdocs\\Backoffice\\public\\index.php')
WARNING - 2023-09-12 05:32:51 --> [DEPRECATED] Creation of dynamic property App\Controllers\Admin\Invoice::$data is deprecated in APPPATH\Controllers\Admin\Invoice.php on line 45.
 1 SYSTEMPATH\CodeIgniter.php(932): App\Controllers\Admin\Invoice->index()
 2 SYSTEMPATH\CodeIgniter.php(497): CodeIgniter\CodeIgniter->runController(Object(App\Controllers\Admin\Invoice))
 3 SYSTEMPATH\CodeIgniter.php(366): CodeIgniter\CodeIgniter->handleRequest(null, Object(Config\Cache), false)
 4 FCPATH\index.php(67): CodeIgniter\CodeIgniter->run()
 5 SYSTEMPATH\Commands\Server\rewrite.php(47): require_once('C:\\xampp\\htdocs\\Backoffice\\public\\index.php')
INFO - 2023-09-12 05:33:07 --> Session: Class initialized using 'CodeIgniter\Session\Handlers\FileHandler' driver.
WARNING - 2023-09-12 05:33:07 --> [DEPRECATED] Creation of dynamic property App\Controllers\Admin\Invoice::$session is deprecated in APPPATH\Controllers\Admin\Invoice.php on line 14.
 1 SYSTEMPATH\CodeIgniter.php(904): App\Controllers\Admin\Invoice->__construct()
 2 SYSTEMPATH\CodeIgniter.php(488): CodeIgniter\CodeIgniter->createController()
 3 SYSTEMPATH\CodeIgniter.php(366): CodeIgniter\CodeIgniter->handleRequest(null, Object(Config\Cache), false)
 4 FCPATH\index.php(67): CodeIgniter\CodeIgniter->run()
 5 SYSTEMPATH\Commands\Server\rewrite.php(47): require_once('C:\\xampp\\htdocs\\Backoffice\\public\\index.php')
WARNING - 2023-09-12 05:33:07 --> [DEPRECATED] Creation of dynamic property App\Controllers\Admin\Invoice::$LmsModel is deprecated in APPPATH\Controllers\Admin\Invoice.php on line 15.
 1 SYSTEMPATH\CodeIgniter.php(904): App\Controllers\Admin\Invoice->__construct()
 2 SYSTEMPATH\CodeIgniter.php(488): CodeIgniter\CodeIgniter->createController()
 3 SYSTEMPATH\CodeIgniter.php(366): CodeIgniter\CodeIgniter->handleRequest(null, Object(Config\Cache), false)
 4 FCPATH\index.php(67): CodeIgniter\CodeIgniter->run()
 5 SYSTEMPATH\Commands\Server\rewrite.php(47): require_once('C:\\xampp\\htdocs\\Backoffice\\public\\index.php')
WARNING - 2023-09-12 05:33:07 --> [DEPRECATED] Creation of dynamic property App\Controllers\Admin\Invoice::$data is deprecated in APPPATH\Controllers\Admin\Invoice.php on line 61.
 1 SYSTEMPATH\CodeIgniter.php(932): App\Controllers\Admin\Invoice->invoice_generate()
 2 SYSTEMPATH\CodeIgniter.php(497): CodeIgniter\CodeIgniter->runController(Object(App\Controllers\Admin\Invoice))
 3 SYSTEMPATH\CodeIgniter.php(366): CodeIgniter\CodeIgniter->handleRequest(null, Object(Config\Cache), false)
 4 FCPATH\index.php(67): CodeIgniter\CodeIgniter->run()
 5 SYSTEMPATH\Commands\Server\rewrite.php(47): require_once('C:\\xampp\\htdocs\\Backoffice\\public\\index.php')
INFO - 2023-09-12 05:34:38 --> Session: Class initialized using 'CodeIgniter\Session\Handlers\FileHandler' driver.
WARNING - 2023-09-12 05:34:38 --> [DEPRECATED] Creation of dynamic property App\Controllers\Admin\Invoice::$session is deprecated in APPPATH\Controllers\Admin\Invoice.php on line 14.
 1 SYSTEMPATH\CodeIgniter.php(904): App\Controllers\Admin\Invoice->__construct()
 2 SYSTEMPATH\CodeIgniter.php(488): CodeIgniter\CodeIgniter->createController()
 3 SYSTEMPATH\CodeIgniter.php(366): CodeIgniter\CodeIgniter->handleRequest(null, Object(Config\Cache), false)
 4 FCPATH\index.php(67): CodeIgniter\CodeIgniter->run()
 5 SYSTEMPATH\Commands\Server\rewrite.php(47): require_once('C:\\xampp\\htdocs\\Backoffice\\public\\index.php')
WARNING - 2023-09-12 05:34:38 --> [DEPRECATED] Creation of dynamic property App\Controllers\Admin\Invoice::$LmsModel is deprecated in APPPATH\Controllers\Admin\Invoice.php on line 15.
 1 SYSTEMPATH\CodeIgniter.php(904): App\Controllers\Admin\Invoice->__construct()
 2 SYSTEMPATH\CodeIgniter.php(488): CodeIgniter\CodeIgniter->createController()
 3 SYSTEMPATH\CodeIgniter.php(366): CodeIgniter\CodeIgniter->handleRequest(null, Object(Config\Cache), false)
 4 FCPATH\index.php(67): CodeIgniter\CodeIgniter->run()
 5 SYSTEMPATH\Commands\Server\rewrite.php(47): require_once('C:\\xampp\\htdocs\\Backoffice\\public\\index.php')
WARNING - 2023-09-12 05:34:38 --> [DEPRECATED] Creation of dynamic property App\Controllers\Admin\Invoice::$data is deprecated in APPPATH\Controllers\Admin\Invoice.php on line 61.
 1 SYSTEMPATH\CodeIgniter.php(932): App\Controllers\Admin\Invoice->invoice_generate()
 2 SYSTEMPATH\CodeIgniter.php(497): CodeIgniter\CodeIgniter->runController(Object(App\Controllers\Admin\Invoice))
 3 SYSTEMPATH\CodeIgniter.php(366): CodeIgniter\CodeIgniter->handleRequest(null, Object(Config\Cache), false)
 4 FCPATH\index.php(67): CodeIgniter\CodeIgniter->run()
 5 SYSTEMPATH\Commands\Server\rewrite.php(47): require_once('C:\\xampp\\htdocs\\Backoffice\\public\\index.php')
INFO - 2023-09-12 05:35:02 --> Session: Class initialized using 'CodeIgniter\Session\Handlers\FileHandler' driver.
WARNING - 2023-09-12 05:35:02 --> [DEPRECATED] Creation of dynamic property App\Controllers\Admin\Invoice::$session is deprecated in APPPATH\Controllers\Admin\Invoice.php on line 14.
 1 SYSTEMPATH\CodeIgniter.php(904): App\Controllers\Admin\Invoice->__construct()
 2 SYSTEMPATH\CodeIgniter.php(488): CodeIgniter\CodeIgniter->createController()
 3 SYSTEMPATH\CodeIgniter.php(366): CodeIgniter\CodeIgniter->handleRequest(null, Object(Config\Cache), false)
 4 FCPATH\index.php(67): CodeIgniter\CodeIgniter->run()
 5 SYSTEMPATH\Commands\Server\rewrite.php(47): require_once('C:\\xampp\\htdocs\\Backoffice\\public\\index.php')
WARNING - 2023-09-12 05:35:02 --> [DEPRECATED] Creation of dynamic property App\Controllers\Admin\Invoice::$LmsModel is deprecated in APPPATH\Controllers\Admin\Invoice.php on line 15.
 1 SYSTEMPATH\CodeIgniter.php(904): App\Controllers\Admin\Invoice->__construct()
 2 SYSTEMPATH\CodeIgniter.php(488): CodeIgniter\CodeIgniter->createController()
 3 SYSTEMPATH\CodeIgniter.php(366): CodeIgniter\CodeIgniter->handleRequest(null, Object(Config\Cache), false)
 4 FCPATH\index.php(67): CodeIgniter\CodeIgniter->run()
 5 SYSTEMPATH\Commands\Server\rewrite.php(47): require_once('C:\\xampp\\htdocs\\Backoffice\\public\\index.php')
WARNING - 2023-09-12 05:35:02 --> [DEPRECATED] Creation of dynamic property App\Controllers\Admin\Invoice::$data is deprecated in APPPATH\Controllers\Admin\Invoice.php on line 61.
 1 SYSTEMPATH\CodeIgniter.php(932): App\Controllers\Admin\Invoice->invoice_generate()
 2 SYSTEMPATH\CodeIgniter.php(497): CodeIgniter\CodeIgniter->runController(Object(App\Controllers\Admin\Invoice))
 3 SYSTEMPATH\CodeIgniter.php(366): CodeIgniter\CodeIgniter->handleRequest(null, Object(Config\Cache), false)
 4 FCPATH\index.php(67): CodeIgniter\CodeIgniter->run()
 5 SYSTEMPATH\Commands\Server\rewrite.php(47): require_once('C:\\xampp\\htdocs\\Backoffice\\public\\index.php')
INFO - 2023-09-12 05:35:32 --> Session: Class initialized using 'CodeIgniter\Session\Handlers\FileHandler' driver.
WARNING - 2023-09-12 05:35:32 --> [DEPRECATED] Creation of dynamic property App\Controllers\Admin\Invoice::$session is deprecated in APPPATH\Controllers\Admin\Invoice.php on line 14.
 1 SYSTEMPATH\CodeIgniter.php(904): App\Controllers\Admin\Invoice->__construct()
 2 SYSTEMPATH\CodeIgniter.php(488): CodeIgniter\CodeIgniter->createController()
 3 SYSTEMPATH\CodeIgniter.php(366): CodeIgniter\CodeIgniter->handleRequest(null, Object(Config\Cache), false)
 4 FCPATH\index.php(67): CodeIgniter\CodeIgniter->run()
 5 SYSTEMPATH\Commands\Server\rewrite.php(47): require_once('C:\\xampp\\htdocs\\Backoffice\\public\\index.php')
WARNING - 2023-09-12 05:35:32 --> [DEPRECATED] Creation of dynamic property App\Controllers\Admin\Invoice::$LmsModel is deprecated in APPPATH\Controllers\Admin\Invoice.php on line 15.
 1 SYSTEMPATH\CodeIgniter.php(904): App\Controllers\Admin\Invoice->__construct()
 2 SYSTEMPATH\CodeIgniter.php(488): CodeIgniter\CodeIgniter->createController()
 3 SYSTEMPATH\CodeIgniter.php(366): CodeIgniter\CodeIgniter->handleRequest(null, Object(Config\Cache), false)
 4 FCPATH\index.php(67): CodeIgniter\CodeIgniter->run()
 5 SYSTEMPATH\Commands\Server\rewrite.php(47): require_once('C:\\xampp\\htdocs\\Backoffice\\public\\index.php')
WARNING - 2023-09-12 05:35:32 --> [DEPRECATED] Creation of dynamic property App\Controllers\Admin\Invoice::$data is deprecated in APPPATH\Controllers\Admin\Invoice.php on line 61.
 1 SYSTEMPATH\CodeIgniter.php(932): App\Controllers\Admin\Invoice->invoice_generate()
 2 SYSTEMPATH\CodeIgniter.php(497): CodeIgniter\CodeIgniter->runController(Object(App\Controllers\Admin\Invoice))
 3 SYSTEMPATH\CodeIgniter.php(366): CodeIgniter\CodeIgniter->handleRequest(null, Object(Config\Cache), false)
 4 FCPATH\index.php(67): CodeIgniter\CodeIgniter->run()
 5 SYSTEMPATH\Commands\Server\rewrite.php(47): require_once('C:\\xampp\\htdocs\\Backoffice\\public\\index.php')
INFO - 2023-09-12 05:39:02 --> Session: Class initialized using 'CodeIgniter\Session\Handlers\FileHandler' driver.
WARNING - 2023-09-12 05:39:02 --> [DEPRECATED] Creation of dynamic property App\Controllers\Admin\Invoice::$session is deprecated in APPPATH\Controllers\Admin\Invoice.php on line 14.
 1 SYSTEMPATH\CodeIgniter.php(904): App\Controllers\Admin\Invoice->__construct()
 2 SYSTEMPATH\CodeIgniter.php(488): CodeIgniter\CodeIgniter->createController()
 3 SYSTEMPATH\CodeIgniter.php(366): CodeIgniter\CodeIgniter->handleRequest(null, Object(Config\Cache), false)
 4 FCPATH\index.php(67): CodeIgniter\CodeIgniter->run()
 5 SYSTEMPATH\Commands\Server\rewrite.php(47): require_once('C:\\xampp\\htdocs\\Backoffice\\public\\index.php')
WARNING - 2023-09-12 05:39:02 --> [DEPRECATED] Creation of dynamic property App\Controllers\Admin\Invoice::$LmsModel is deprecated in APPPATH\Controllers\Admin\Invoice.php on line 15.
 1 SYSTEMPATH\CodeIgniter.php(904): App\Controllers\Admin\Invoice->__construct()
 2 SYSTEMPATH\CodeIgniter.php(488): CodeIgniter\CodeIgniter->createController()
 3 SYSTEMPATH\CodeIgniter.php(366): CodeIgniter\CodeIgniter->handleRequest(null, Object(Config\Cache), false)
 4 FCPATH\index.php(67): CodeIgniter\CodeIgniter->run()
 5 SYSTEMPATH\Commands\Server\rewrite.php(47): require_once('C:\\xampp\\htdocs\\Backoffice\\public\\index.php')
WARNING - 2023-09-12 05:39:02 --> [DEPRECATED] Creation of dynamic property App\Controllers\Admin\Invoice::$data is deprecated in APPPATH\Controllers\Admin\Invoice.php on line 52.
 1 SYSTEMPATH\CodeIgniter.php(932): App\Controllers\Admin\Invoice->index()
 2 SYSTEMPATH\CodeIgniter.php(497): CodeIgniter\CodeIgniter->runController(Object(App\Controllers\Admin\Invoice))
 3 SYSTEMPATH\CodeIgniter.php(366): CodeIgniter\CodeIgniter->handleRequest(null, Object(Config\Cache), false)
 4 FCPATH\index.php(67): CodeIgniter\CodeIgniter->run()
 5 SYSTEMPATH\Commands\Server\rewrite.php(47): require_once('C:\\xampp\\htdocs\\Backoffice\\public\\index.php')
INFO - 2023-09-12 05:39:14 --> Session: Class initialized using 'CodeIgniter\Session\Handlers\FileHandler' driver.
WARNING - 2023-09-12 05:39:14 --> [DEPRECATED] Creation of dynamic property App\Controllers\Admin\Invoice::$session is deprecated in APPPATH\Controllers\Admin\Invoice.php on line 14.
 1 SYSTEMPATH\CodeIgniter.php(904): App\Controllers\Admin\Invoice->__construct()
 2 SYSTEMPATH\CodeIgniter.php(488): CodeIgniter\CodeIgniter->createController()
 3 SYSTEMPATH\CodeIgniter.php(366): CodeIgniter\CodeIgniter->handleRequest(null, Object(Config\Cache), false)
 4 FCPATH\index.php(67): CodeIgniter\CodeIgniter->run()
 5 SYSTEMPATH\Commands\Server\rewrite.php(47): require_once('C:\\xampp\\htdocs\\Backoffice\\public\\index.php')
WARNING - 2023-09-12 05:39:14 --> [DEPRECATED] Creation of dynamic property App\Controllers\Admin\Invoice::$LmsModel is deprecated in APPPATH\Controllers\Admin\Invoice.php on line 15.
 1 SYSTEMPATH\CodeIgniter.php(904): App\Controllers\Admin\Invoice->__construct()
 2 SYSTEMPATH\CodeIgniter.php(488): CodeIgniter\CodeIgniter->createController()
 3 SYSTEMPATH\CodeIgniter.php(366): CodeIgniter\CodeIgniter->handleRequest(null, Object(Config\Cache), false)
 4 FCPATH\index.php(67): CodeIgniter\CodeIgniter->run()
 5 SYSTEMPATH\Commands\Server\rewrite.php(47): require_once('C:\\xampp\\htdocs\\Backoffice\\public\\index.php')
WARNING - 2023-09-12 05:39:14 --> [DEPRECATED] Creation of dynamic property App\Controllers\Admin\Invoice::$data is deprecated in APPPATH\Controllers\Admin\Invoice.php on line 68.
 1 SYSTEMPATH\CodeIgniter.php(932): App\Controllers\Admin\Invoice->invoice_generate()
 2 SYSTEMPATH\CodeIgniter.php(497): CodeIgniter\CodeIgniter->runController(Object(App\Controllers\Admin\Invoice))
 3 SYSTEMPATH\CodeIgniter.php(366): CodeIgniter\CodeIgniter->handleRequest(null, Object(Config\Cache), false)
 4 FCPATH\index.php(67): CodeIgniter\CodeIgniter->run()
 5 SYSTEMPATH\Commands\Server\rewrite.php(47): require_once('C:\\xampp\\htdocs\\Backoffice\\public\\index.php')
INFO - 2023-09-12 05:40:38 --> Session: Class initialized using 'CodeIgniter\Session\Handlers\FileHandler' driver.
WARNING - 2023-09-12 05:40:38 --> [DEPRECATED] Creation of dynamic property App\Controllers\Admin\Invoice::$session is deprecated in APPPATH\Controllers\Admin\Invoice.php on line 14.
 1 SYSTEMPATH\CodeIgniter.php(904): App\Controllers\Admin\Invoice->__construct()
 2 SYSTEMPATH\CodeIgniter.php(488): CodeIgniter\CodeIgniter->createController()
 3 SYSTEMPATH\CodeIgniter.php(366): CodeIgniter\CodeIgniter->handleRequest(null, Object(Config\Cache), false)
 4 FCPATH\index.php(67): CodeIgniter\CodeIgniter->run()
 5 SYSTEMPATH\Commands\Server\rewrite.php(47): require_once('C:\\xampp\\htdocs\\Backoffice\\public\\index.php')
WARNING - 2023-09-12 05:40:38 --> [DEPRECATED] Creation of dynamic property App\Controllers\Admin\Invoice::$LmsModel is deprecated in APPPATH\Controllers\Admin\Invoice.php on line 15.
 1 SYSTEMPATH\CodeIgniter.php(904): App\Controllers\Admin\Invoice->__construct()
 2 SYSTEMPATH\CodeIgniter.php(488): CodeIgniter\CodeIgniter->createController()
 3 SYSTEMPATH\CodeIgniter.php(366): CodeIgniter\CodeIgniter->handleRequest(null, Object(Config\Cache), false)
 4 FCPATH\index.php(67): CodeIgniter\CodeIgniter->run()
 5 SYSTEMPATH\Commands\Server\rewrite.php(47): require_once('C:\\xampp\\htdocs\\Backoffice\\public\\index.php')
WARNING - 2023-09-12 05:40:38 --> [DEPRECATED] Creation of dynamic property App\Controllers\Admin\Invoice::$data is deprecated in APPPATH\Controllers\Admin\Invoice.php on line 68.
 1 SYSTEMPATH\CodeIgniter.php(932): App\Controllers\Admin\Invoice->invoice_generate()
 2 SYSTEMPATH\CodeIgniter.php(497): CodeIgniter\CodeIgniter->runController(Object(App\Controllers\Admin\Invoice))
 3 SYSTEMPATH\CodeIgniter.php(366): CodeIgniter\CodeIgniter->handleRequest(null, Object(Config\Cache), false)
 4 FCPATH\index.php(67): CodeIgniter\CodeIgniter->run()
 5 SYSTEMPATH\Commands\Server\rewrite.php(47): require_once('C:\\xampp\\htdocs\\Backoffice\\public\\index.php')
