INFO - 2023-11-07 04:38:57 --> Session: Class initialized using 'CodeIgniter\Session\Handlers\FileHandler' driver.
WARNING - 2023-11-07 04:38:57 --> [DEPRECATED] Creation of dynamic property App\Controllers\Admin\Student_info::$session is deprecated in APPPATH\Controllers\Admin\Student_info.php on line 13.
 1 SYSTEMPATH\CodeIgniter.php(904): App\Controllers\Admin\Student_info->__construct()
 2 SYSTEMPATH\CodeIgniter.php(488): CodeIgniter\CodeIgniter->createController()
 3 SYSTEMPATH\CodeIgniter.php(366): CodeIgniter\CodeIgniter->handleRequest(null, Object(Config\Cache), false)
 4 FCPATH\index.php(67): CodeIgniter\CodeIgniter->run()
 5 SYSTEMPATH\Commands\Server\rewrite.php(47): require_once('C:\\xampp\\htdocs\\Backoffice\\public\\index.php')
WARNING - 2023-11-07 04:38:57 --> [DEPRECATED] Creation of dynamic property App\Controllers\Admin\Student_info::$LmsModel is deprecated in APPPATH\Controllers\Admin\Student_info.php on line 14.
 1 SYSTEMPATH\CodeIgniter.php(904): App\Controllers\Admin\Student_info->__construct()
 2 SYSTEMPATH\CodeIgniter.php(488): CodeIgniter\CodeIgniter->createController()
 3 SYSTEMPATH\CodeIgniter.php(366): CodeIgniter\CodeIgniter->handleRequest(null, Object(Config\Cache), false)
 4 FCPATH\index.php(67): CodeIgniter\CodeIgniter->run()
 5 SYSTEMPATH\Commands\Server\rewrite.php(47): require_once('C:\\xampp\\htdocs\\Backoffice\\public\\index.php')
WARNING - 2023-11-07 04:38:57 --> [DEPRECATED] Creation of dynamic property App\Controllers\Admin\Student_info::$data is deprecated in APPPATH\Controllers\BaseController.php on line 97.
 1 APPPATH\Controllers\BaseController.php(57): App\Controllers\BaseController->setUriSegments()
 2 SYSTEMPATH\CodeIgniter.php(905): App\Controllers\BaseController->initController(Object(CodeIgniter\HTTP\IncomingRequest), Object(CodeIgniter\HTTP\Response), Object(CodeIgniter\Log\Logger))
 3 SYSTEMPATH\CodeIgniter.php(488): CodeIgniter\CodeIgniter->createController()
 4 SYSTEMPATH\CodeIgniter.php(366): CodeIgniter\CodeIgniter->handleRequest(null, Object(Config\Cache), false)
 5 FCPATH\index.php(67): CodeIgniter\CodeIgniter->run()
 6 SYSTEMPATH\Commands\Server\rewrite.php(47): require_once('C:\\xampp\\htdocs\\Backoffice\\public\\index.php')
INFO - 2023-11-07 04:38:57 --> Session: Class initialized using 'CodeIgniter\Session\Handlers\FileHandler' driver.
WARNING - 2023-11-07 04:38:57 --> [DEPRECATED] Creation of dynamic property App\Controllers\Admin\Admin::$session is deprecated in APPPATH\Controllers\Admin\Admin.php on line 12.
 1 SYSTEMPATH\CodeIgniter.php(904): App\Controllers\Admin\Admin->__construct()
 2 SYSTEMPATH\CodeIgniter.php(488): CodeIgniter\CodeIgniter->createController()
 3 SYSTEMPATH\CodeIgniter.php(366): CodeIgniter\CodeIgniter->handleRequest(null, Object(Config\Cache), false)
 4 FCPATH\index.php(67): CodeIgniter\CodeIgniter->run()
 5 SYSTEMPATH\Commands\Server\rewrite.php(47): require_once('C:\\xampp\\htdocs\\Backoffice\\public\\index.php')
WARNING - 2023-11-07 04:38:57 --> [DEPRECATED] Creation of dynamic property App\Controllers\Admin\Admin::$AdminModel is deprecated in APPPATH\Controllers\Admin\Admin.php on line 13.
 1 SYSTEMPATH\CodeIgniter.php(904): App\Controllers\Admin\Admin->__construct()
 2 SYSTEMPATH\CodeIgniter.php(488): CodeIgniter\CodeIgniter->createController()
 3 SYSTEMPATH\CodeIgniter.php(366): CodeIgniter\CodeIgniter->handleRequest(null, Object(Config\Cache), false)
 4 FCPATH\index.php(67): CodeIgniter\CodeIgniter->run()
 5 SYSTEMPATH\Commands\Server\rewrite.php(47): require_once('C:\\xampp\\htdocs\\Backoffice\\public\\index.php')
WARNING - 2023-11-07 04:38:57 --> [DEPRECATED] Creation of dynamic property App\Controllers\Admin\Admin::$data is deprecated in APPPATH\Controllers\BaseController.php on line 97.
 1 APPPATH\Controllers\BaseController.php(57): App\Controllers\BaseController->setUriSegments()
 2 SYSTEMPATH\CodeIgniter.php(905): App\Controllers\BaseController->initController(Object(CodeIgniter\HTTP\IncomingRequest), Object(CodeIgniter\HTTP\Response), Object(CodeIgniter\Log\Logger))
 3 SYSTEMPATH\CodeIgniter.php(488): CodeIgniter\CodeIgniter->createController()
 4 SYSTEMPATH\CodeIgniter.php(366): CodeIgniter\CodeIgniter->handleRequest(null, Object(Config\Cache), false)
 5 FCPATH\index.php(67): CodeIgniter\CodeIgniter->run()
 6 SYSTEMPATH\Commands\Server\rewrite.php(47): require_once('C:\\xampp\\htdocs\\Backoffice\\public\\index.php')
INFO - 2023-11-07 04:38:59 --> Session: Class initialized using 'CodeIgniter\Session\Handlers\FileHandler' driver.
WARNING - 2023-11-07 04:38:59 --> [DEPRECATED] Creation of dynamic property App\Controllers\Admin\Candidate::$session is deprecated in APPPATH\Controllers\Admin\Candidate.php on line 14.
 1 SYSTEMPATH\CodeIgniter.php(904): App\Controllers\Admin\Candidate->__construct()
 2 SYSTEMPATH\CodeIgniter.php(488): CodeIgniter\CodeIgniter->createController()
 3 SYSTEMPATH\CodeIgniter.php(366): CodeIgniter\CodeIgniter->handleRequest(null, Object(Config\Cache), false)
 4 FCPATH\index.php(67): CodeIgniter\CodeIgniter->run()
 5 SYSTEMPATH\Commands\Server\rewrite.php(47): require_once('C:\\xampp\\htdocs\\Backoffice\\public\\index.php')
WARNING - 2023-11-07 04:38:59 --> [DEPRECATED] Creation of dynamic property App\Controllers\Admin\Candidate::$LmsModel is deprecated in APPPATH\Controllers\Admin\Candidate.php on line 15.
 1 SYSTEMPATH\CodeIgniter.php(904): App\Controllers\Admin\Candidate->__construct()
 2 SYSTEMPATH\CodeIgniter.php(488): CodeIgniter\CodeIgniter->createController()
 3 SYSTEMPATH\CodeIgniter.php(366): CodeIgniter\CodeIgniter->handleRequest(null, Object(Config\Cache), false)
 4 FCPATH\index.php(67): CodeIgniter\CodeIgniter->run()
 5 SYSTEMPATH\Commands\Server\rewrite.php(47): require_once('C:\\xampp\\htdocs\\Backoffice\\public\\index.php')
WARNING - 2023-11-07 04:38:59 --> [DEPRECATED] Creation of dynamic property App\Controllers\Admin\Candidate::$data is deprecated in APPPATH\Controllers\BaseController.php on line 97.
 1 APPPATH\Controllers\BaseController.php(57): App\Controllers\BaseController->setUriSegments()
 2 SYSTEMPATH\CodeIgniter.php(905): App\Controllers\BaseController->initController(Object(CodeIgniter\HTTP\IncomingRequest), Object(CodeIgniter\HTTP\Response), Object(CodeIgniter\Log\Logger))
 3 SYSTEMPATH\CodeIgniter.php(488): CodeIgniter\CodeIgniter->createController()
 4 SYSTEMPATH\CodeIgniter.php(366): CodeIgniter\CodeIgniter->handleRequest(null, Object(Config\Cache), false)
 5 FCPATH\index.php(67): CodeIgniter\CodeIgniter->run()
 6 SYSTEMPATH\Commands\Server\rewrite.php(47): require_once('C:\\xampp\\htdocs\\Backoffice\\public\\index.php')
INFO - 2023-11-07 04:38:59 --> Session: Class initialized using 'CodeIgniter\Session\Handlers\FileHandler' driver.
WARNING - 2023-11-07 04:38:59 --> [DEPRECATED] Creation of dynamic property App\Controllers\Admin\Admin::$session is deprecated in APPPATH\Controllers\Admin\Admin.php on line 12.
 1 SYSTEMPATH\CodeIgniter.php(904): App\Controllers\Admin\Admin->__construct()
 2 SYSTEMPATH\CodeIgniter.php(488): CodeIgniter\CodeIgniter->createController()
 3 SYSTEMPATH\CodeIgniter.php(366): CodeIgniter\CodeIgniter->handleRequest(null, Object(Config\Cache), false)
 4 FCPATH\index.php(67): CodeIgniter\CodeIgniter->run()
 5 SYSTEMPATH\Commands\Server\rewrite.php(47): require_once('C:\\xampp\\htdocs\\Backoffice\\public\\index.php')
WARNING - 2023-11-07 04:38:59 --> [DEPRECATED] Creation of dynamic property App\Controllers\Admin\Admin::$AdminModel is deprecated in APPPATH\Controllers\Admin\Admin.php on line 13.
 1 SYSTEMPATH\CodeIgniter.php(904): App\Controllers\Admin\Admin->__construct()
 2 SYSTEMPATH\CodeIgniter.php(488): CodeIgniter\CodeIgniter->createController()
 3 SYSTEMPATH\CodeIgniter.php(366): CodeIgniter\CodeIgniter->handleRequest(null, Object(Config\Cache), false)
 4 FCPATH\index.php(67): CodeIgniter\CodeIgniter->run()
 5 SYSTEMPATH\Commands\Server\rewrite.php(47): require_once('C:\\xampp\\htdocs\\Backoffice\\public\\index.php')
WARNING - 2023-11-07 04:38:59 --> [DEPRECATED] Creation of dynamic property App\Controllers\Admin\Admin::$data is deprecated in APPPATH\Controllers\BaseController.php on line 97.
 1 APPPATH\Controllers\BaseController.php(57): App\Controllers\BaseController->setUriSegments()
 2 SYSTEMPATH\CodeIgniter.php(905): App\Controllers\BaseController->initController(Object(CodeIgniter\HTTP\IncomingRequest), Object(CodeIgniter\HTTP\Response), Object(CodeIgniter\Log\Logger))
 3 SYSTEMPATH\CodeIgniter.php(488): CodeIgniter\CodeIgniter->createController()
 4 SYSTEMPATH\CodeIgniter.php(366): CodeIgniter\CodeIgniter->handleRequest(null, Object(Config\Cache), false)
 5 FCPATH\index.php(67): CodeIgniter\CodeIgniter->run()
 6 SYSTEMPATH\Commands\Server\rewrite.php(47): require_once('C:\\xampp\\htdocs\\Backoffice\\public\\index.php')
INFO - 2023-11-07 04:39:00 --> Session: Class initialized using 'CodeIgniter\Session\Handlers\FileHandler' driver.
WARNING - 2023-11-07 04:39:00 --> [DEPRECATED] Creation of dynamic property App\Controllers\Admin\Employee_bank_info::$session is deprecated in APPPATH\Controllers\Admin\Employee_bank_info.php on line 13.
 1 SYSTEMPATH\CodeIgniter.php(904): App\Controllers\Admin\Employee_bank_info->__construct()
 2 SYSTEMPATH\CodeIgniter.php(488): CodeIgniter\CodeIgniter->createController()
 3 SYSTEMPATH\CodeIgniter.php(366): CodeIgniter\CodeIgniter->handleRequest(null, Object(Config\Cache), false)
 4 FCPATH\index.php(67): CodeIgniter\CodeIgniter->run()
 5 SYSTEMPATH\Commands\Server\rewrite.php(47): require_once('C:\\xampp\\htdocs\\Backoffice\\public\\index.php')
WARNING - 2023-11-07 04:39:00 --> [DEPRECATED] Creation of dynamic property App\Controllers\Admin\Employee_bank_info::$LmsModel is deprecated in APPPATH\Controllers\Admin\Employee_bank_info.php on line 14.
 1 SYSTEMPATH\CodeIgniter.php(904): App\Controllers\Admin\Employee_bank_info->__construct()
 2 SYSTEMPATH\CodeIgniter.php(488): CodeIgniter\CodeIgniter->createController()
 3 SYSTEMPATH\CodeIgniter.php(366): CodeIgniter\CodeIgniter->handleRequest(null, Object(Config\Cache), false)
 4 FCPATH\index.php(67): CodeIgniter\CodeIgniter->run()
 5 SYSTEMPATH\Commands\Server\rewrite.php(47): require_once('C:\\xampp\\htdocs\\Backoffice\\public\\index.php')
WARNING - 2023-11-07 04:39:00 --> [DEPRECATED] Creation of dynamic property App\Controllers\Admin\Employee_bank_info::$data is deprecated in APPPATH\Controllers\BaseController.php on line 97.
 1 APPPATH\Controllers\BaseController.php(57): App\Controllers\BaseController->setUriSegments()
 2 SYSTEMPATH\CodeIgniter.php(905): App\Controllers\BaseController->initController(Object(CodeIgniter\HTTP\IncomingRequest), Object(CodeIgniter\HTTP\Response), Object(CodeIgniter\Log\Logger))
 3 SYSTEMPATH\CodeIgniter.php(488): CodeIgniter\CodeIgniter->createController()
 4 SYSTEMPATH\CodeIgniter.php(366): CodeIgniter\CodeIgniter->handleRequest(null, Object(Config\Cache), false)
 5 FCPATH\index.php(67): CodeIgniter\CodeIgniter->run()
 6 SYSTEMPATH\Commands\Server\rewrite.php(47): require_once('C:\\xampp\\htdocs\\Backoffice\\public\\index.php')
INFO - 2023-11-07 04:39:00 --> Session: Class initialized using 'CodeIgniter\Session\Handlers\FileHandler' driver.
WARNING - 2023-11-07 04:39:00 --> [DEPRECATED] Creation of dynamic property App\Controllers\Admin\Admin::$session is deprecated in APPPATH\Controllers\Admin\Admin.php on line 12.
 1 SYSTEMPATH\CodeIgniter.php(904): App\Controllers\Admin\Admin->__construct()
 2 SYSTEMPATH\CodeIgniter.php(488): CodeIgniter\CodeIgniter->createController()
 3 SYSTEMPATH\CodeIgniter.php(366): CodeIgniter\CodeIgniter->handleRequest(null, Object(Config\Cache), false)
 4 FCPATH\index.php(67): CodeIgniter\CodeIgniter->run()
 5 SYSTEMPATH\Commands\Server\rewrite.php(47): require_once('C:\\xampp\\htdocs\\Backoffice\\public\\index.php')
WARNING - 2023-11-07 04:39:00 --> [DEPRECATED] Creation of dynamic property App\Controllers\Admin\Admin::$AdminModel is deprecated in APPPATH\Controllers\Admin\Admin.php on line 13.
 1 SYSTEMPATH\CodeIgniter.php(904): App\Controllers\Admin\Admin->__construct()
 2 SYSTEMPATH\CodeIgniter.php(488): CodeIgniter\CodeIgniter->createController()
 3 SYSTEMPATH\CodeIgniter.php(366): CodeIgniter\CodeIgniter->handleRequest(null, Object(Config\Cache), false)
 4 FCPATH\index.php(67): CodeIgniter\CodeIgniter->run()
 5 SYSTEMPATH\Commands\Server\rewrite.php(47): require_once('C:\\xampp\\htdocs\\Backoffice\\public\\index.php')
WARNING - 2023-11-07 04:39:00 --> [DEPRECATED] Creation of dynamic property App\Controllers\Admin\Admin::$data is deprecated in APPPATH\Controllers\BaseController.php on line 97.
 1 APPPATH\Controllers\BaseController.php(57): App\Controllers\BaseController->setUriSegments()
 2 SYSTEMPATH\CodeIgniter.php(905): App\Controllers\BaseController->initController(Object(CodeIgniter\HTTP\IncomingRequest), Object(CodeIgniter\HTTP\Response), Object(CodeIgniter\Log\Logger))
 3 SYSTEMPATH\CodeIgniter.php(488): CodeIgniter\CodeIgniter->createController()
 4 SYSTEMPATH\CodeIgniter.php(366): CodeIgniter\CodeIgniter->handleRequest(null, Object(Config\Cache), false)
 5 FCPATH\index.php(67): CodeIgniter\CodeIgniter->run()
 6 SYSTEMPATH\Commands\Server\rewrite.php(47): require_once('C:\\xampp\\htdocs\\Backoffice\\public\\index.php')
INFO - 2023-11-07 04:39:00 --> Session: Class initialized using 'CodeIgniter\Session\Handlers\FileHandler' driver.
WARNING - 2023-11-07 04:39:00 --> [DEPRECATED] Creation of dynamic property App\Controllers\Manager\Manager_setup::$session is deprecated in APPPATH\Controllers\Manager\Manager_setup.php on line 13.
 1 SYSTEMPATH\CodeIgniter.php(904): App\Controllers\Manager\Manager_setup->__construct()
 2 SYSTEMPATH\CodeIgniter.php(488): CodeIgniter\CodeIgniter->createController()
 3 SYSTEMPATH\CodeIgniter.php(366): CodeIgniter\CodeIgniter->handleRequest(null, Object(Config\Cache), false)
 4 FCPATH\index.php(67): CodeIgniter\CodeIgniter->run()
 5 SYSTEMPATH\Commands\Server\rewrite.php(47): require_once('C:\\xampp\\htdocs\\Backoffice\\public\\index.php')
WARNING - 2023-11-07 04:39:01 --> [DEPRECATED] Creation of dynamic property App\Controllers\Manager\Manager_setup::$AdminModel is deprecated in APPPATH\Controllers\Manager\Manager_setup.php on line 14.
 1 SYSTEMPATH\CodeIgniter.php(904): App\Controllers\Manager\Manager_setup->__construct()
 2 SYSTEMPATH\CodeIgniter.php(488): CodeIgniter\CodeIgniter->createController()
 3 SYSTEMPATH\CodeIgniter.php(366): CodeIgniter\CodeIgniter->handleRequest(null, Object(Config\Cache), false)
 4 FCPATH\index.php(67): CodeIgniter\CodeIgniter->run()
 5 SYSTEMPATH\Commands\Server\rewrite.php(47): require_once('C:\\xampp\\htdocs\\Backoffice\\public\\index.php')
WARNING - 2023-11-07 04:39:01 --> [DEPRECATED] Creation of dynamic property App\Controllers\Manager\Manager_setup::$data is deprecated in APPPATH\Controllers\BaseController.php on line 97.
 1 APPPATH\Controllers\BaseController.php(57): App\Controllers\BaseController->setUriSegments()
 2 SYSTEMPATH\CodeIgniter.php(905): App\Controllers\BaseController->initController(Object(CodeIgniter\HTTP\IncomingRequest), Object(CodeIgniter\HTTP\Response), Object(CodeIgniter\Log\Logger))
 3 SYSTEMPATH\CodeIgniter.php(488): CodeIgniter\CodeIgniter->createController()
 4 SYSTEMPATH\CodeIgniter.php(366): CodeIgniter\CodeIgniter->handleRequest(null, Object(Config\Cache), false)
 5 FCPATH\index.php(67): CodeIgniter\CodeIgniter->run()
 6 SYSTEMPATH\Commands\Server\rewrite.php(47): require_once('C:\\xampp\\htdocs\\Backoffice\\public\\index.php')
INFO - 2023-11-07 04:43:55 --> Session: Class initialized using 'CodeIgniter\Session\Handlers\FileHandler' driver.
WARNING - 2023-11-07 04:43:55 --> [DEPRECATED] Creation of dynamic property App\Controllers\Admin\Admin::$session is deprecated in APPPATH\Controllers\Admin\Admin.php on line 12.
 1 SYSTEMPATH\CodeIgniter.php(904): App\Controllers\Admin\Admin->__construct()
 2 SYSTEMPATH\CodeIgniter.php(488): CodeIgniter\CodeIgniter->createController()
 3 SYSTEMPATH\CodeIgniter.php(366): CodeIgniter\CodeIgniter->handleRequest(null, Object(Config\Cache), false)
 4 FCPATH\index.php(67): CodeIgniter\CodeIgniter->run()
 5 SYSTEMPATH\Commands\Server\rewrite.php(47): require_once('C:\\xampp\\htdocs\\Backoffice\\public\\index.php')
WARNING - 2023-11-07 04:43:55 --> [DEPRECATED] Creation of dynamic property App\Controllers\Admin\Admin::$AdminModel is deprecated in APPPATH\Controllers\Admin\Admin.php on line 13.
 1 SYSTEMPATH\CodeIgniter.php(904): App\Controllers\Admin\Admin->__construct()
 2 SYSTEMPATH\CodeIgniter.php(488): CodeIgniter\CodeIgniter->createController()
 3 SYSTEMPATH\CodeIgniter.php(366): CodeIgniter\CodeIgniter->handleRequest(null, Object(Config\Cache), false)
 4 FCPATH\index.php(67): CodeIgniter\CodeIgniter->run()
 5 SYSTEMPATH\Commands\Server\rewrite.php(47): require_once('C:\\xampp\\htdocs\\Backoffice\\public\\index.php')
WARNING - 2023-11-07 04:43:55 --> [DEPRECATED] Creation of dynamic property App\Controllers\Admin\Admin::$data is deprecated in APPPATH\Controllers\BaseController.php on line 97.
 1 APPPATH\Controllers\BaseController.php(57): App\Controllers\BaseController->setUriSegments()
 2 SYSTEMPATH\CodeIgniter.php(905): App\Controllers\BaseController->initController(Object(CodeIgniter\HTTP\IncomingRequest), Object(CodeIgniter\HTTP\Response), Object(CodeIgniter\Log\Logger))
 3 SYSTEMPATH\CodeIgniter.php(488): CodeIgniter\CodeIgniter->createController()
 4 SYSTEMPATH\CodeIgniter.php(366): CodeIgniter\CodeIgniter->handleRequest(null, Object(Config\Cache), false)
 5 FCPATH\index.php(67): CodeIgniter\CodeIgniter->run()
 6 SYSTEMPATH\Commands\Server\rewrite.php(47): require_once('C:\\xampp\\htdocs\\Backoffice\\public\\index.php')
INFO - 2023-11-07 04:43:56 --> Session: Class initialized using 'CodeIgniter\Session\Handlers\FileHandler' driver.
WARNING - 2023-11-07 04:43:56 --> [DEPRECATED] Creation of dynamic property App\Controllers\Admin\Admin::$session is deprecated in APPPATH\Controllers\Admin\Admin.php on line 12.
 1 SYSTEMPATH\CodeIgniter.php(904): App\Controllers\Admin\Admin->__construct()
 2 SYSTEMPATH\CodeIgniter.php(488): CodeIgniter\CodeIgniter->createController()
 3 SYSTEMPATH\CodeIgniter.php(366): CodeIgniter\CodeIgniter->handleRequest(null, Object(Config\Cache), false)
 4 FCPATH\index.php(67): CodeIgniter\CodeIgniter->run()
 5 SYSTEMPATH\Commands\Server\rewrite.php(47): require_once('C:\\xampp\\htdocs\\Backoffice\\public\\index.php')
WARNING - 2023-11-07 04:43:56 --> [DEPRECATED] Creation of dynamic property App\Controllers\Admin\Admin::$AdminModel is deprecated in APPPATH\Controllers\Admin\Admin.php on line 13.
 1 SYSTEMPATH\CodeIgniter.php(904): App\Controllers\Admin\Admin->__construct()
 2 SYSTEMPATH\CodeIgniter.php(488): CodeIgniter\CodeIgniter->createController()
 3 SYSTEMPATH\CodeIgniter.php(366): CodeIgniter\CodeIgniter->handleRequest(null, Object(Config\Cache), false)
 4 FCPATH\index.php(67): CodeIgniter\CodeIgniter->run()
 5 SYSTEMPATH\Commands\Server\rewrite.php(47): require_once('C:\\xampp\\htdocs\\Backoffice\\public\\index.php')
WARNING - 2023-11-07 04:43:56 --> [DEPRECATED] Creation of dynamic property App\Controllers\Admin\Admin::$data is deprecated in APPPATH\Controllers\BaseController.php on line 97.
 1 APPPATH\Controllers\BaseController.php(57): App\Controllers\BaseController->setUriSegments()
 2 SYSTEMPATH\CodeIgniter.php(905): App\Controllers\BaseController->initController(Object(CodeIgniter\HTTP\IncomingRequest), Object(CodeIgniter\HTTP\Response), Object(CodeIgniter\Log\Logger))
 3 SYSTEMPATH\CodeIgniter.php(488): CodeIgniter\CodeIgniter->createController()
 4 SYSTEMPATH\CodeIgniter.php(366): CodeIgniter\CodeIgniter->handleRequest(null, Object(Config\Cache), false)
 5 FCPATH\index.php(67): CodeIgniter\CodeIgniter->run()
 6 SYSTEMPATH\Commands\Server\rewrite.php(47): require_once('C:\\xampp\\htdocs\\Backoffice\\public\\index.php')
INFO - 2023-11-07 04:50:06 --> Session: Class initialized using 'CodeIgniter\Session\Handlers\FileHandler' driver.
WARNING - 2023-11-07 04:50:06 --> [DEPRECATED] Creation of dynamic property App\Controllers\Admin\Public_holiday::$session is deprecated in APPPATH\Controllers\Admin\Public_holiday.php on line 13.
 1 SYSTEMPATH\CodeIgniter.php(904): App\Controllers\Admin\Public_holiday->__construct()
 2 SYSTEMPATH\CodeIgniter.php(488): CodeIgniter\CodeIgniter->createController()
 3 SYSTEMPATH\CodeIgniter.php(366): CodeIgniter\CodeIgniter->handleRequest(null, Object(Config\Cache), false)
 4 FCPATH\index.php(67): CodeIgniter\CodeIgniter->run()
 5 SYSTEMPATH\Commands\Server\rewrite.php(47): require_once('C:\\xampp\\htdocs\\Backoffice\\public\\index.php')
WARNING - 2023-11-07 04:50:06 --> [DEPRECATED] Creation of dynamic property App\Controllers\Admin\Public_holiday::$LmsModel is deprecated in APPPATH\Controllers\Admin\Public_holiday.php on line 14.
 1 SYSTEMPATH\CodeIgniter.php(904): App\Controllers\Admin\Public_holiday->__construct()
 2 SYSTEMPATH\CodeIgniter.php(488): CodeIgniter\CodeIgniter->createController()
 3 SYSTEMPATH\CodeIgniter.php(366): CodeIgniter\CodeIgniter->handleRequest(null, Object(Config\Cache), false)
 4 FCPATH\index.php(67): CodeIgniter\CodeIgniter->run()
 5 SYSTEMPATH\Commands\Server\rewrite.php(47): require_once('C:\\xampp\\htdocs\\Backoffice\\public\\index.php')
WARNING - 2023-11-07 04:50:06 --> [DEPRECATED] Creation of dynamic property App\Controllers\Admin\Public_holiday::$data is deprecated in APPPATH\Controllers\BaseController.php on line 97.
 1 APPPATH\Controllers\BaseController.php(57): App\Controllers\BaseController->setUriSegments()
 2 SYSTEMPATH\CodeIgniter.php(905): App\Controllers\BaseController->initController(Object(CodeIgniter\HTTP\IncomingRequest), Object(CodeIgniter\HTTP\Response), Object(CodeIgniter\Log\Logger))
 3 SYSTEMPATH\CodeIgniter.php(488): CodeIgniter\CodeIgniter->createController()
 4 SYSTEMPATH\CodeIgniter.php(366): CodeIgniter\CodeIgniter->handleRequest(null, Object(Config\Cache), false)
 5 FCPATH\index.php(67): CodeIgniter\CodeIgniter->run()
 6 SYSTEMPATH\Commands\Server\rewrite.php(47): require_once('C:\\xampp\\htdocs\\Backoffice\\public\\index.php')
INFO - 2023-11-07 04:50:06 --> Session: Class initialized using 'CodeIgniter\Session\Handlers\FileHandler' driver.
WARNING - 2023-11-07 04:50:06 --> [DEPRECATED] Creation of dynamic property App\Controllers\Admin\Public_holiday::$session is deprecated in APPPATH\Controllers\Admin\Public_holiday.php on line 13.
 1 SYSTEMPATH\CodeIgniter.php(904): App\Controllers\Admin\Public_holiday->__construct()
 2 SYSTEMPATH\CodeIgniter.php(488): CodeIgniter\CodeIgniter->createController()
 3 SYSTEMPATH\CodeIgniter.php(366): CodeIgniter\CodeIgniter->handleRequest(null, Object(Config\Cache), false)
 4 FCPATH\index.php(67): CodeIgniter\CodeIgniter->run()
 5 SYSTEMPATH\Commands\Server\rewrite.php(47): require_once('C:\\xampp\\htdocs\\Backoffice\\public\\index.php')
WARNING - 2023-11-07 04:50:06 --> [DEPRECATED] Creation of dynamic property App\Controllers\Admin\Public_holiday::$LmsModel is deprecated in APPPATH\Controllers\Admin\Public_holiday.php on line 14.
 1 SYSTEMPATH\CodeIgniter.php(904): App\Controllers\Admin\Public_holiday->__construct()
 2 SYSTEMPATH\CodeIgniter.php(488): CodeIgniter\CodeIgniter->createController()
 3 SYSTEMPATH\CodeIgniter.php(366): CodeIgniter\CodeIgniter->handleRequest(null, Object(Config\Cache), false)
 4 FCPATH\index.php(67): CodeIgniter\CodeIgniter->run()
 5 SYSTEMPATH\Commands\Server\rewrite.php(47): require_once('C:\\xampp\\htdocs\\Backoffice\\public\\index.php')
WARNING - 2023-11-07 04:50:06 --> [DEPRECATED] Creation of dynamic property App\Controllers\Admin\Public_holiday::$data is deprecated in APPPATH\Controllers\BaseController.php on line 97.
 1 APPPATH\Controllers\BaseController.php(57): App\Controllers\BaseController->setUriSegments()
 2 SYSTEMPATH\CodeIgniter.php(905): App\Controllers\BaseController->initController(Object(CodeIgniter\HTTP\IncomingRequest), Object(CodeIgniter\HTTP\Response), Object(CodeIgniter\Log\Logger))
 3 SYSTEMPATH\CodeIgniter.php(488): CodeIgniter\CodeIgniter->createController()
 4 SYSTEMPATH\CodeIgniter.php(366): CodeIgniter\CodeIgniter->handleRequest(null, Object(Config\Cache), false)
 5 FCPATH\index.php(67): CodeIgniter\CodeIgniter->run()
 6 SYSTEMPATH\Commands\Server\rewrite.php(47): require_once('C:\\xampp\\htdocs\\Backoffice\\public\\index.php')
INFO - 2023-11-07 04:50:11 --> Session: Class initialized using 'CodeIgniter\Session\Handlers\FileHandler' driver.
WARNING - 2023-11-07 04:50:11 --> [DEPRECATED] Creation of dynamic property App\Controllers\Admin\Admin::$session is deprecated in APPPATH\Controllers\Admin\Admin.php on line 12.
 1 SYSTEMPATH\CodeIgniter.php(904): App\Controllers\Admin\Admin->__construct()
 2 SYSTEMPATH\CodeIgniter.php(488): CodeIgniter\CodeIgniter->createController()
 3 SYSTEMPATH\CodeIgniter.php(366): CodeIgniter\CodeIgniter->handleRequest(null, Object(Config\Cache), false)
 4 FCPATH\index.php(67): CodeIgniter\CodeIgniter->run()
 5 SYSTEMPATH\Commands\Server\rewrite.php(47): require_once('C:\\xampp\\htdocs\\Backoffice\\public\\index.php')
WARNING - 2023-11-07 04:50:11 --> [DEPRECATED] Creation of dynamic property App\Controllers\Admin\Admin::$AdminModel is deprecated in APPPATH\Controllers\Admin\Admin.php on line 13.
 1 SYSTEMPATH\CodeIgniter.php(904): App\Controllers\Admin\Admin->__construct()
 2 SYSTEMPATH\CodeIgniter.php(488): CodeIgniter\CodeIgniter->createController()
 3 SYSTEMPATH\CodeIgniter.php(366): CodeIgniter\CodeIgniter->handleRequest(null, Object(Config\Cache), false)
 4 FCPATH\index.php(67): CodeIgniter\CodeIgniter->run()
 5 SYSTEMPATH\Commands\Server\rewrite.php(47): require_once('C:\\xampp\\htdocs\\Backoffice\\public\\index.php')
WARNING - 2023-11-07 04:50:11 --> [DEPRECATED] Creation of dynamic property App\Controllers\Admin\Admin::$data is deprecated in APPPATH\Controllers\BaseController.php on line 97.
 1 APPPATH\Controllers\BaseController.php(57): App\Controllers\BaseController->setUriSegments()
 2 SYSTEMPATH\CodeIgniter.php(905): App\Controllers\BaseController->initController(Object(CodeIgniter\HTTP\IncomingRequest), Object(CodeIgniter\HTTP\Response), Object(CodeIgniter\Log\Logger))
 3 SYSTEMPATH\CodeIgniter.php(488): CodeIgniter\CodeIgniter->createController()
 4 SYSTEMPATH\CodeIgniter.php(366): CodeIgniter\CodeIgniter->handleRequest(null, Object(Config\Cache), false)
 5 FCPATH\index.php(67): CodeIgniter\CodeIgniter->run()
 6 SYSTEMPATH\Commands\Server\rewrite.php(47): require_once('C:\\xampp\\htdocs\\Backoffice\\public\\index.php')
INFO - 2023-11-07 04:50:49 --> Session: Class initialized using 'CodeIgniter\Session\Handlers\FileHandler' driver.
WARNING - 2023-11-07 04:50:49 --> [DEPRECATED] Creation of dynamic property App\Controllers\Admin\Client::$session is deprecated in APPPATH\Controllers\Admin\Client.php on line 13.
 1 SYSTEMPATH\CodeIgniter.php(904): App\Controllers\Admin\Client->__construct()
 2 SYSTEMPATH\CodeIgniter.php(488): CodeIgniter\CodeIgniter->createController()
 3 SYSTEMPATH\CodeIgniter.php(366): CodeIgniter\CodeIgniter->handleRequest(null, Object(Config\Cache), false)
 4 FCPATH\index.php(67): CodeIgniter\CodeIgniter->run()
 5 SYSTEMPATH\Commands\Server\rewrite.php(47): require_once('C:\\xampp\\htdocs\\Backoffice\\public\\index.php')
WARNING - 2023-11-07 04:50:49 --> [DEPRECATED] Creation of dynamic property App\Controllers\Admin\Client::$LmsModel is deprecated in APPPATH\Controllers\Admin\Client.php on line 14.
 1 SYSTEMPATH\CodeIgniter.php(904): App\Controllers\Admin\Client->__construct()
 2 SYSTEMPATH\CodeIgniter.php(488): CodeIgniter\CodeIgniter->createController()
 3 SYSTEMPATH\CodeIgniter.php(366): CodeIgniter\CodeIgniter->handleRequest(null, Object(Config\Cache), false)
 4 FCPATH\index.php(67): CodeIgniter\CodeIgniter->run()
 5 SYSTEMPATH\Commands\Server\rewrite.php(47): require_once('C:\\xampp\\htdocs\\Backoffice\\public\\index.php')
WARNING - 2023-11-07 04:50:49 --> [DEPRECATED] Creation of dynamic property App\Controllers\Admin\Client::$data is deprecated in APPPATH\Controllers\BaseController.php on line 97.
 1 APPPATH\Controllers\BaseController.php(57): App\Controllers\BaseController->setUriSegments()
 2 SYSTEMPATH\CodeIgniter.php(905): App\Controllers\BaseController->initController(Object(CodeIgniter\HTTP\IncomingRequest), Object(CodeIgniter\HTTP\Response), Object(CodeIgniter\Log\Logger))
 3 SYSTEMPATH\CodeIgniter.php(488): CodeIgniter\CodeIgniter->createController()
 4 SYSTEMPATH\CodeIgniter.php(366): CodeIgniter\CodeIgniter->handleRequest(null, Object(Config\Cache), false)
 5 FCPATH\index.php(67): CodeIgniter\CodeIgniter->run()
 6 SYSTEMPATH\Commands\Server\rewrite.php(47): require_once('C:\\xampp\\htdocs\\Backoffice\\public\\index.php')
INFO - 2023-11-07 04:50:49 --> Session: Class initialized using 'CodeIgniter\Session\Handlers\FileHandler' driver.
WARNING - 2023-11-07 04:50:49 --> [DEPRECATED] Creation of dynamic property App\Controllers\Admin\Client::$session is deprecated in APPPATH\Controllers\Admin\Client.php on line 13.
 1 SYSTEMPATH\CodeIgniter.php(904): App\Controllers\Admin\Client->__construct()
 2 SYSTEMPATH\CodeIgniter.php(488): CodeIgniter\CodeIgniter->createController()
 3 SYSTEMPATH\CodeIgniter.php(366): CodeIgniter\CodeIgniter->handleRequest(null, Object(Config\Cache), false)
 4 FCPATH\index.php(67): CodeIgniter\CodeIgniter->run()
 5 SYSTEMPATH\Commands\Server\rewrite.php(47): require_once('C:\\xampp\\htdocs\\Backoffice\\public\\index.php')
WARNING - 2023-11-07 04:50:49 --> [DEPRECATED] Creation of dynamic property App\Controllers\Admin\Client::$LmsModel is deprecated in APPPATH\Controllers\Admin\Client.php on line 14.
 1 SYSTEMPATH\CodeIgniter.php(904): App\Controllers\Admin\Client->__construct()
 2 SYSTEMPATH\CodeIgniter.php(488): CodeIgniter\CodeIgniter->createController()
 3 SYSTEMPATH\CodeIgniter.php(366): CodeIgniter\CodeIgniter->handleRequest(null, Object(Config\Cache), false)
 4 FCPATH\index.php(67): CodeIgniter\CodeIgniter->run()
 5 SYSTEMPATH\Commands\Server\rewrite.php(47): require_once('C:\\xampp\\htdocs\\Backoffice\\public\\index.php')
WARNING - 2023-11-07 04:50:49 --> [DEPRECATED] Creation of dynamic property App\Controllers\Admin\Client::$data is deprecated in APPPATH\Controllers\BaseController.php on line 97.
 1 APPPATH\Controllers\BaseController.php(57): App\Controllers\BaseController->setUriSegments()
 2 SYSTEMPATH\CodeIgniter.php(905): App\Controllers\BaseController->initController(Object(CodeIgniter\HTTP\IncomingRequest), Object(CodeIgniter\HTTP\Response), Object(CodeIgniter\Log\Logger))
 3 SYSTEMPATH\CodeIgniter.php(488): CodeIgniter\CodeIgniter->createController()
 4 SYSTEMPATH\CodeIgniter.php(366): CodeIgniter\CodeIgniter->handleRequest(null, Object(Config\Cache), false)
 5 FCPATH\index.php(67): CodeIgniter\CodeIgniter->run()
 6 SYSTEMPATH\Commands\Server\rewrite.php(47): require_once('C:\\xampp\\htdocs\\Backoffice\\public\\index.php')
INFO - 2023-11-07 04:59:28 --> Session: Class initialized using 'CodeIgniter\Session\Handlers\FileHandler' driver.
WARNING - 2023-11-07 04:59:28 --> [DEPRECATED] Creation of dynamic property App\Controllers\Admin\Candidate::$session is deprecated in APPPATH\Controllers\Admin\Candidate.php on line 14.
 1 SYSTEMPATH\CodeIgniter.php(904): App\Controllers\Admin\Candidate->__construct()
 2 SYSTEMPATH\CodeIgniter.php(488): CodeIgniter\CodeIgniter->createController()
 3 SYSTEMPATH\CodeIgniter.php(366): CodeIgniter\CodeIgniter->handleRequest(null, Object(Config\Cache), false)
 4 FCPATH\index.php(67): CodeIgniter\CodeIgniter->run()
 5 SYSTEMPATH\Commands\Server\rewrite.php(47): require_once('C:\\xampp\\htdocs\\Backoffice\\public\\index.php')
WARNING - 2023-11-07 04:59:28 --> [DEPRECATED] Creation of dynamic property App\Controllers\Admin\Candidate::$LmsModel is deprecated in APPPATH\Controllers\Admin\Candidate.php on line 15.
 1 SYSTEMPATH\CodeIgniter.php(904): App\Controllers\Admin\Candidate->__construct()
 2 SYSTEMPATH\CodeIgniter.php(488): CodeIgniter\CodeIgniter->createController()
 3 SYSTEMPATH\CodeIgniter.php(366): CodeIgniter\CodeIgniter->handleRequest(null, Object(Config\Cache), false)
 4 FCPATH\index.php(67): CodeIgniter\CodeIgniter->run()
 5 SYSTEMPATH\Commands\Server\rewrite.php(47): require_once('C:\\xampp\\htdocs\\Backoffice\\public\\index.php')
WARNING - 2023-11-07 04:59:28 --> [DEPRECATED] Creation of dynamic property App\Controllers\Admin\Candidate::$data is deprecated in APPPATH\Controllers\BaseController.php on line 97.
 1 APPPATH\Controllers\BaseController.php(57): App\Controllers\BaseController->setUriSegments()
 2 SYSTEMPATH\CodeIgniter.php(905): App\Controllers\BaseController->initController(Object(CodeIgniter\HTTP\IncomingRequest), Object(CodeIgniter\HTTP\Response), Object(CodeIgniter\Log\Logger))
 3 SYSTEMPATH\CodeIgniter.php(488): CodeIgniter\CodeIgniter->createController()
 4 SYSTEMPATH\CodeIgniter.php(366): CodeIgniter\CodeIgniter->handleRequest(null, Object(Config\Cache), false)
 5 FCPATH\index.php(67): CodeIgniter\CodeIgniter->run()
 6 SYSTEMPATH\Commands\Server\rewrite.php(47): require_once('C:\\xampp\\htdocs\\Backoffice\\public\\index.php')
INFO - 2023-11-07 04:59:28 --> Session: Class initialized using 'CodeIgniter\Session\Handlers\FileHandler' driver.
WARNING - 2023-11-07 04:59:28 --> [DEPRECATED] Creation of dynamic property App\Controllers\Admin\Candidate::$session is deprecated in APPPATH\Controllers\Admin\Candidate.php on line 14.
 1 SYSTEMPATH\CodeIgniter.php(904): App\Controllers\Admin\Candidate->__construct()
 2 SYSTEMPATH\CodeIgniter.php(488): CodeIgniter\CodeIgniter->createController()
 3 SYSTEMPATH\CodeIgniter.php(366): CodeIgniter\CodeIgniter->handleRequest(null, Object(Config\Cache), false)
 4 FCPATH\index.php(67): CodeIgniter\CodeIgniter->run()
 5 SYSTEMPATH\Commands\Server\rewrite.php(47): require_once('C:\\xampp\\htdocs\\Backoffice\\public\\index.php')
WARNING - 2023-11-07 04:59:28 --> [DEPRECATED] Creation of dynamic property App\Controllers\Admin\Candidate::$LmsModel is deprecated in APPPATH\Controllers\Admin\Candidate.php on line 15.
 1 SYSTEMPATH\CodeIgniter.php(904): App\Controllers\Admin\Candidate->__construct()
 2 SYSTEMPATH\CodeIgniter.php(488): CodeIgniter\CodeIgniter->createController()
 3 SYSTEMPATH\CodeIgniter.php(366): CodeIgniter\CodeIgniter->handleRequest(null, Object(Config\Cache), false)
 4 FCPATH\index.php(67): CodeIgniter\CodeIgniter->run()
 5 SYSTEMPATH\Commands\Server\rewrite.php(47): require_once('C:\\xampp\\htdocs\\Backoffice\\public\\index.php')
WARNING - 2023-11-07 04:59:28 --> [DEPRECATED] Creation of dynamic property App\Controllers\Admin\Candidate::$data is deprecated in APPPATH\Controllers\BaseController.php on line 97.
 1 APPPATH\Controllers\BaseController.php(57): App\Controllers\BaseController->setUriSegments()
 2 SYSTEMPATH\CodeIgniter.php(905): App\Controllers\BaseController->initController(Object(CodeIgniter\HTTP\IncomingRequest), Object(CodeIgniter\HTTP\Response), Object(CodeIgniter\Log\Logger))
 3 SYSTEMPATH\CodeIgniter.php(488): CodeIgniter\CodeIgniter->createController()
 4 SYSTEMPATH\CodeIgniter.php(366): CodeIgniter\CodeIgniter->handleRequest(null, Object(Config\Cache), false)
 5 FCPATH\index.php(67): CodeIgniter\CodeIgniter->run()
 6 SYSTEMPATH\Commands\Server\rewrite.php(47): require_once('C:\\xampp\\htdocs\\Backoffice\\public\\index.php')
INFO - 2023-11-07 05:07:58 --> Session: Class initialized using 'CodeIgniter\Session\Handlers\FileHandler' driver.
WARNING - 2023-11-07 05:07:58 --> [DEPRECATED] Creation of dynamic property App\Controllers\Admin\Schedule::$session is deprecated in APPPATH\Controllers\Admin\Schedule.php on line 11.
 1 SYSTEMPATH\CodeIgniter.php(904): App\Controllers\Admin\Schedule->__construct()
 2 SYSTEMPATH\CodeIgniter.php(488): CodeIgniter\CodeIgniter->createController()
 3 SYSTEMPATH\CodeIgniter.php(366): CodeIgniter\CodeIgniter->handleRequest(null, Object(Config\Cache), false)
 4 FCPATH\index.php(67): CodeIgniter\CodeIgniter->run()
 5 SYSTEMPATH\Commands\Server\rewrite.php(47): require_once('C:\\xampp\\htdocs\\Backoffice\\public\\index.php')
WARNING - 2023-11-07 05:07:58 --> [DEPRECATED] Creation of dynamic property App\Controllers\Admin\Schedule::$LmsModel is deprecated in APPPATH\Controllers\Admin\Schedule.php on line 12.
 1 SYSTEMPATH\CodeIgniter.php(904): App\Controllers\Admin\Schedule->__construct()
 2 SYSTEMPATH\CodeIgniter.php(488): CodeIgniter\CodeIgniter->createController()
 3 SYSTEMPATH\CodeIgniter.php(366): CodeIgniter\CodeIgniter->handleRequest(null, Object(Config\Cache), false)
 4 FCPATH\index.php(67): CodeIgniter\CodeIgniter->run()
 5 SYSTEMPATH\Commands\Server\rewrite.php(47): require_once('C:\\xampp\\htdocs\\Backoffice\\public\\index.php')
WARNING - 2023-11-07 05:07:58 --> [DEPRECATED] Creation of dynamic property App\Controllers\Admin\Schedule::$data is deprecated in APPPATH\Controllers\BaseController.php on line 97.
 1 APPPATH\Controllers\BaseController.php(57): App\Controllers\BaseController->setUriSegments()
 2 SYSTEMPATH\CodeIgniter.php(905): App\Controllers\BaseController->initController(Object(CodeIgniter\HTTP\IncomingRequest), Object(CodeIgniter\HTTP\Response), Object(CodeIgniter\Log\Logger))
 3 SYSTEMPATH\CodeIgniter.php(488): CodeIgniter\CodeIgniter->createController()
 4 SYSTEMPATH\CodeIgniter.php(366): CodeIgniter\CodeIgniter->handleRequest(null, Object(Config\Cache), false)
 5 FCPATH\index.php(67): CodeIgniter\CodeIgniter->run()
 6 SYSTEMPATH\Commands\Server\rewrite.php(47): require_once('C:\\xampp\\htdocs\\Backoffice\\public\\index.php')
INFO - 2023-11-07 05:07:58 --> Session: Class initialized using 'CodeIgniter\Session\Handlers\FileHandler' driver.
WARNING - 2023-11-07 05:07:58 --> [DEPRECATED] Creation of dynamic property App\Controllers\Admin\Schedule::$session is deprecated in APPPATH\Controllers\Admin\Schedule.php on line 11.
 1 SYSTEMPATH\CodeIgniter.php(904): App\Controllers\Admin\Schedule->__construct()
 2 SYSTEMPATH\CodeIgniter.php(488): CodeIgniter\CodeIgniter->createController()
 3 SYSTEMPATH\CodeIgniter.php(366): CodeIgniter\CodeIgniter->handleRequest(null, Object(Config\Cache), false)
 4 FCPATH\index.php(67): CodeIgniter\CodeIgniter->run()
 5 SYSTEMPATH\Commands\Server\rewrite.php(47): require_once('C:\\xampp\\htdocs\\Backoffice\\public\\index.php')
WARNING - 2023-11-07 05:07:58 --> [DEPRECATED] Creation of dynamic property App\Controllers\Admin\Schedule::$LmsModel is deprecated in APPPATH\Controllers\Admin\Schedule.php on line 12.
 1 SYSTEMPATH\CodeIgniter.php(904): App\Controllers\Admin\Schedule->__construct()
 2 SYSTEMPATH\CodeIgniter.php(488): CodeIgniter\CodeIgniter->createController()
 3 SYSTEMPATH\CodeIgniter.php(366): CodeIgniter\CodeIgniter->handleRequest(null, Object(Config\Cache), false)
 4 FCPATH\index.php(67): CodeIgniter\CodeIgniter->run()
 5 SYSTEMPATH\Commands\Server\rewrite.php(47): require_once('C:\\xampp\\htdocs\\Backoffice\\public\\index.php')
WARNING - 2023-11-07 05:07:58 --> [DEPRECATED] Creation of dynamic property App\Controllers\Admin\Schedule::$data is deprecated in APPPATH\Controllers\BaseController.php on line 97.
 1 APPPATH\Controllers\BaseController.php(57): App\Controllers\BaseController->setUriSegments()
 2 SYSTEMPATH\CodeIgniter.php(905): App\Controllers\BaseController->initController(Object(CodeIgniter\HTTP\IncomingRequest), Object(CodeIgniter\HTTP\Response), Object(CodeIgniter\Log\Logger))
 3 SYSTEMPATH\CodeIgniter.php(488): CodeIgniter\CodeIgniter->createController()
 4 SYSTEMPATH\CodeIgniter.php(366): CodeIgniter\CodeIgniter->handleRequest(null, Object(Config\Cache), false)
 5 FCPATH\index.php(67): CodeIgniter\CodeIgniter->run()
 6 SYSTEMPATH\Commands\Server\rewrite.php(47): require_once('C:\\xampp\\htdocs\\Backoffice\\public\\index.php')
INFO - 2023-11-07 05:10:10 --> Session: Class initialized using 'CodeIgniter\Session\Handlers\FileHandler' driver.
WARNING - 2023-11-07 05:10:10 --> [DEPRECATED] Creation of dynamic property App\Controllers\Manager\Manager_setup::$session is deprecated in APPPATH\Controllers\Manager\Manager_setup.php on line 13.
 1 SYSTEMPATH\CodeIgniter.php(904): App\Controllers\Manager\Manager_setup->__construct()
 2 SYSTEMPATH\CodeIgniter.php(488): CodeIgniter\CodeIgniter->createController()
 3 SYSTEMPATH\CodeIgniter.php(366): CodeIgniter\CodeIgniter->handleRequest(null, Object(Config\Cache), false)
 4 FCPATH\index.php(67): CodeIgniter\CodeIgniter->run()
 5 SYSTEMPATH\Commands\Server\rewrite.php(47): require_once('C:\\xampp\\htdocs\\Backoffice\\public\\index.php')
WARNING - 2023-11-07 05:10:10 --> [DEPRECATED] Creation of dynamic property App\Controllers\Manager\Manager_setup::$AdminModel is deprecated in APPPATH\Controllers\Manager\Manager_setup.php on line 14.
 1 SYSTEMPATH\CodeIgniter.php(904): App\Controllers\Manager\Manager_setup->__construct()
 2 SYSTEMPATH\CodeIgniter.php(488): CodeIgniter\CodeIgniter->createController()
 3 SYSTEMPATH\CodeIgniter.php(366): CodeIgniter\CodeIgniter->handleRequest(null, Object(Config\Cache), false)
 4 FCPATH\index.php(67): CodeIgniter\CodeIgniter->run()
 5 SYSTEMPATH\Commands\Server\rewrite.php(47): require_once('C:\\xampp\\htdocs\\Backoffice\\public\\index.php')
WARNING - 2023-11-07 05:10:10 --> [DEPRECATED] Creation of dynamic property App\Controllers\Manager\Manager_setup::$data is deprecated in APPPATH\Controllers\BaseController.php on line 97.
 1 APPPATH\Controllers\BaseController.php(57): App\Controllers\BaseController->setUriSegments()
 2 SYSTEMPATH\CodeIgniter.php(905): App\Controllers\BaseController->initController(Object(CodeIgniter\HTTP\IncomingRequest), Object(CodeIgniter\HTTP\Response), Object(CodeIgniter\Log\Logger))
 3 SYSTEMPATH\CodeIgniter.php(488): CodeIgniter\CodeIgniter->createController()
 4 SYSTEMPATH\CodeIgniter.php(366): CodeIgniter\CodeIgniter->handleRequest(null, Object(Config\Cache), false)
 5 FCPATH\index.php(67): CodeIgniter\CodeIgniter->run()
 6 SYSTEMPATH\Commands\Server\rewrite.php(47): require_once('C:\\xampp\\htdocs\\Backoffice\\public\\index.php')
INFO - 2023-11-07 05:10:10 --> Session: Class initialized using 'CodeIgniter\Session\Handlers\FileHandler' driver.
WARNING - 2023-11-07 05:10:10 --> [DEPRECATED] Creation of dynamic property App\Controllers\Manager\Manager_setup::$session is deprecated in APPPATH\Controllers\Manager\Manager_setup.php on line 13.
 1 SYSTEMPATH\CodeIgniter.php(904): App\Controllers\Manager\Manager_setup->__construct()
 2 SYSTEMPATH\CodeIgniter.php(488): CodeIgniter\CodeIgniter->createController()
 3 SYSTEMPATH\CodeIgniter.php(366): CodeIgniter\CodeIgniter->handleRequest(null, Object(Config\Cache), false)
 4 FCPATH\index.php(67): CodeIgniter\CodeIgniter->run()
 5 SYSTEMPATH\Commands\Server\rewrite.php(47): require_once('C:\\xampp\\htdocs\\Backoffice\\public\\index.php')
WARNING - 2023-11-07 05:10:10 --> [DEPRECATED] Creation of dynamic property App\Controllers\Manager\Manager_setup::$AdminModel is deprecated in APPPATH\Controllers\Manager\Manager_setup.php on line 14.
 1 SYSTEMPATH\CodeIgniter.php(904): App\Controllers\Manager\Manager_setup->__construct()
 2 SYSTEMPATH\CodeIgniter.php(488): CodeIgniter\CodeIgniter->createController()
 3 SYSTEMPATH\CodeIgniter.php(366): CodeIgniter\CodeIgniter->handleRequest(null, Object(Config\Cache), false)
 4 FCPATH\index.php(67): CodeIgniter\CodeIgniter->run()
 5 SYSTEMPATH\Commands\Server\rewrite.php(47): require_once('C:\\xampp\\htdocs\\Backoffice\\public\\index.php')
WARNING - 2023-11-07 05:10:10 --> [DEPRECATED] Creation of dynamic property App\Controllers\Manager\Manager_setup::$data is deprecated in APPPATH\Controllers\BaseController.php on line 97.
 1 APPPATH\Controllers\BaseController.php(57): App\Controllers\BaseController->setUriSegments()
 2 SYSTEMPATH\CodeIgniter.php(905): App\Controllers\BaseController->initController(Object(CodeIgniter\HTTP\IncomingRequest), Object(CodeIgniter\HTTP\Response), Object(CodeIgniter\Log\Logger))
 3 SYSTEMPATH\CodeIgniter.php(488): CodeIgniter\CodeIgniter->createController()
 4 SYSTEMPATH\CodeIgniter.php(366): CodeIgniter\CodeIgniter->handleRequest(null, Object(Config\Cache), false)
 5 FCPATH\index.php(67): CodeIgniter\CodeIgniter->run()
 6 SYSTEMPATH\Commands\Server\rewrite.php(47): require_once('C:\\xampp\\htdocs\\Backoffice\\public\\index.php')
INFO - 2023-11-07 05:10:11 --> Session: Class initialized using 'CodeIgniter\Session\Handlers\FileHandler' driver.
WARNING - 2023-11-07 05:10:11 --> [DEPRECATED] Creation of dynamic property App\Controllers\Manager\Candidate::$session is deprecated in APPPATH\Controllers\Manager\Candidate.php on line 11.
 1 SYSTEMPATH\CodeIgniter.php(904): App\Controllers\Manager\Candidate->__construct()
 2 SYSTEMPATH\CodeIgniter.php(488): CodeIgniter\CodeIgniter->createController()
 3 SYSTEMPATH\CodeIgniter.php(366): CodeIgniter\CodeIgniter->handleRequest(null, Object(Config\Cache), false)
 4 FCPATH\index.php(67): CodeIgniter\CodeIgniter->run()
 5 SYSTEMPATH\Commands\Server\rewrite.php(47): require_once('C:\\xampp\\htdocs\\Backoffice\\public\\index.php')
WARNING - 2023-11-07 05:10:11 --> [DEPRECATED] Creation of dynamic property App\Controllers\Manager\Candidate::$LmsModel is deprecated in APPPATH\Controllers\Manager\Candidate.php on line 12.
 1 SYSTEMPATH\CodeIgniter.php(904): App\Controllers\Manager\Candidate->__construct()
 2 SYSTEMPATH\CodeIgniter.php(488): CodeIgniter\CodeIgniter->createController()
 3 SYSTEMPATH\CodeIgniter.php(366): CodeIgniter\CodeIgniter->handleRequest(null, Object(Config\Cache), false)
 4 FCPATH\index.php(67): CodeIgniter\CodeIgniter->run()
 5 SYSTEMPATH\Commands\Server\rewrite.php(47): require_once('C:\\xampp\\htdocs\\Backoffice\\public\\index.php')
WARNING - 2023-11-07 05:10:11 --> [DEPRECATED] Creation of dynamic property App\Controllers\Manager\Candidate::$data is deprecated in APPPATH\Controllers\BaseController.php on line 97.
 1 APPPATH\Controllers\BaseController.php(57): App\Controllers\BaseController->setUriSegments()
 2 SYSTEMPATH\CodeIgniter.php(905): App\Controllers\BaseController->initController(Object(CodeIgniter\HTTP\IncomingRequest), Object(CodeIgniter\HTTP\Response), Object(CodeIgniter\Log\Logger))
 3 SYSTEMPATH\CodeIgniter.php(488): CodeIgniter\CodeIgniter->createController()
 4 SYSTEMPATH\CodeIgniter.php(366): CodeIgniter\CodeIgniter->handleRequest(null, Object(Config\Cache), false)
 5 FCPATH\index.php(67): CodeIgniter\CodeIgniter->run()
 6 SYSTEMPATH\Commands\Server\rewrite.php(47): require_once('C:\\xampp\\htdocs\\Backoffice\\public\\index.php')
INFO - 2023-11-07 05:10:11 --> Session: Class initialized using 'CodeIgniter\Session\Handlers\FileHandler' driver.
WARNING - 2023-11-07 05:10:11 --> [DEPRECATED] Creation of dynamic property App\Controllers\Manager\Employee::$session is deprecated in APPPATH\Controllers\Manager\Employee.php on line 11.
 1 SYSTEMPATH\CodeIgniter.php(904): App\Controllers\Manager\Employee->__construct()
 2 SYSTEMPATH\CodeIgniter.php(488): CodeIgniter\CodeIgniter->createController()
 3 SYSTEMPATH\CodeIgniter.php(366): CodeIgniter\CodeIgniter->handleRequest(null, Object(Config\Cache), false)
 4 FCPATH\index.php(67): CodeIgniter\CodeIgniter->run()
 5 SYSTEMPATH\Commands\Server\rewrite.php(47): require_once('C:\\xampp\\htdocs\\Backoffice\\public\\index.php')
WARNING - 2023-11-07 05:10:11 --> [DEPRECATED] Creation of dynamic property App\Controllers\Manager\Employee::$LmsModel is deprecated in APPPATH\Controllers\Manager\Employee.php on line 12.
 1 SYSTEMPATH\CodeIgniter.php(904): App\Controllers\Manager\Employee->__construct()
 2 SYSTEMPATH\CodeIgniter.php(488): CodeIgniter\CodeIgniter->createController()
 3 SYSTEMPATH\CodeIgniter.php(366): CodeIgniter\CodeIgniter->handleRequest(null, Object(Config\Cache), false)
 4 FCPATH\index.php(67): CodeIgniter\CodeIgniter->run()
 5 SYSTEMPATH\Commands\Server\rewrite.php(47): require_once('C:\\xampp\\htdocs\\Backoffice\\public\\index.php')
WARNING - 2023-11-07 05:10:11 --> [DEPRECATED] Creation of dynamic property App\Controllers\Manager\Employee::$data is deprecated in APPPATH\Controllers\BaseController.php on line 97.
 1 APPPATH\Controllers\BaseController.php(57): App\Controllers\BaseController->setUriSegments()
 2 SYSTEMPATH\CodeIgniter.php(905): App\Controllers\BaseController->initController(Object(CodeIgniter\HTTP\IncomingRequest), Object(CodeIgniter\HTTP\Response), Object(CodeIgniter\Log\Logger))
 3 SYSTEMPATH\CodeIgniter.php(488): CodeIgniter\CodeIgniter->createController()
 4 SYSTEMPATH\CodeIgniter.php(366): CodeIgniter\CodeIgniter->handleRequest(null, Object(Config\Cache), false)
 5 FCPATH\index.php(67): CodeIgniter\CodeIgniter->run()
 6 SYSTEMPATH\Commands\Server\rewrite.php(47): require_once('C:\\xampp\\htdocs\\Backoffice\\public\\index.php')
INFO - 2023-11-07 05:10:11 --> Session: Class initialized using 'CodeIgniter\Session\Handlers\FileHandler' driver.
WARNING - 2023-11-07 05:10:11 --> [DEPRECATED] Creation of dynamic property App\Controllers\Manager\Employee::$session is deprecated in APPPATH\Controllers\Manager\Employee.php on line 11.
 1 SYSTEMPATH\CodeIgniter.php(904): App\Controllers\Manager\Employee->__construct()
 2 SYSTEMPATH\CodeIgniter.php(488): CodeIgniter\CodeIgniter->createController()
 3 SYSTEMPATH\CodeIgniter.php(366): CodeIgniter\CodeIgniter->handleRequest(null, Object(Config\Cache), false)
 4 FCPATH\index.php(67): CodeIgniter\CodeIgniter->run()
 5 SYSTEMPATH\Commands\Server\rewrite.php(47): require_once('C:\\xampp\\htdocs\\Backoffice\\public\\index.php')
WARNING - 2023-11-07 05:10:11 --> [DEPRECATED] Creation of dynamic property App\Controllers\Manager\Employee::$LmsModel is deprecated in APPPATH\Controllers\Manager\Employee.php on line 12.
 1 SYSTEMPATH\CodeIgniter.php(904): App\Controllers\Manager\Employee->__construct()
 2 SYSTEMPATH\CodeIgniter.php(488): CodeIgniter\CodeIgniter->createController()
 3 SYSTEMPATH\CodeIgniter.php(366): CodeIgniter\CodeIgniter->handleRequest(null, Object(Config\Cache), false)
 4 FCPATH\index.php(67): CodeIgniter\CodeIgniter->run()
 5 SYSTEMPATH\Commands\Server\rewrite.php(47): require_once('C:\\xampp\\htdocs\\Backoffice\\public\\index.php')
WARNING - 2023-11-07 05:10:11 --> [DEPRECATED] Creation of dynamic property App\Controllers\Manager\Employee::$data is deprecated in APPPATH\Controllers\BaseController.php on line 97.
 1 APPPATH\Controllers\BaseController.php(57): App\Controllers\BaseController->setUriSegments()
 2 SYSTEMPATH\CodeIgniter.php(905): App\Controllers\BaseController->initController(Object(CodeIgniter\HTTP\IncomingRequest), Object(CodeIgniter\HTTP\Response), Object(CodeIgniter\Log\Logger))
 3 SYSTEMPATH\CodeIgniter.php(488): CodeIgniter\CodeIgniter->createController()
 4 SYSTEMPATH\CodeIgniter.php(366): CodeIgniter\CodeIgniter->handleRequest(null, Object(Config\Cache), false)
 5 FCPATH\index.php(67): CodeIgniter\CodeIgniter->run()
 6 SYSTEMPATH\Commands\Server\rewrite.php(47): require_once('C:\\xampp\\htdocs\\Backoffice\\public\\index.php')
INFO - 2023-11-07 05:10:11 --> Session: Class initialized using 'CodeIgniter\Session\Handlers\FileHandler' driver.
WARNING - 2023-11-07 05:10:11 --> [DEPRECATED] Creation of dynamic property App\Controllers\Manager\Employee::$session is deprecated in APPPATH\Controllers\Manager\Employee.php on line 11.
 1 SYSTEMPATH\CodeIgniter.php(904): App\Controllers\Manager\Employee->__construct()
 2 SYSTEMPATH\CodeIgniter.php(488): CodeIgniter\CodeIgniter->createController()
 3 SYSTEMPATH\CodeIgniter.php(366): CodeIgniter\CodeIgniter->handleRequest(null, Object(Config\Cache), false)
 4 FCPATH\index.php(67): CodeIgniter\CodeIgniter->run()
 5 SYSTEMPATH\Commands\Server\rewrite.php(47): require_once('C:\\xampp\\htdocs\\Backoffice\\public\\index.php')
WARNING - 2023-11-07 05:10:11 --> [DEPRECATED] Creation of dynamic property App\Controllers\Manager\Employee::$LmsModel is deprecated in APPPATH\Controllers\Manager\Employee.php on line 12.
 1 SYSTEMPATH\CodeIgniter.php(904): App\Controllers\Manager\Employee->__construct()
 2 SYSTEMPATH\CodeIgniter.php(488): CodeIgniter\CodeIgniter->createController()
 3 SYSTEMPATH\CodeIgniter.php(366): CodeIgniter\CodeIgniter->handleRequest(null, Object(Config\Cache), false)
 4 FCPATH\index.php(67): CodeIgniter\CodeIgniter->run()
 5 SYSTEMPATH\Commands\Server\rewrite.php(47): require_once('C:\\xampp\\htdocs\\Backoffice\\public\\index.php')
WARNING - 2023-11-07 05:10:11 --> [DEPRECATED] Creation of dynamic property App\Controllers\Manager\Employee::$data is deprecated in APPPATH\Controllers\BaseController.php on line 97.
 1 APPPATH\Controllers\BaseController.php(57): App\Controllers\BaseController->setUriSegments()
 2 SYSTEMPATH\CodeIgniter.php(905): App\Controllers\BaseController->initController(Object(CodeIgniter\HTTP\IncomingRequest), Object(CodeIgniter\HTTP\Response), Object(CodeIgniter\Log\Logger))
 3 SYSTEMPATH\CodeIgniter.php(488): CodeIgniter\CodeIgniter->createController()
 4 SYSTEMPATH\CodeIgniter.php(366): CodeIgniter\CodeIgniter->handleRequest(null, Object(Config\Cache), false)
 5 FCPATH\index.php(67): CodeIgniter\CodeIgniter->run()
 6 SYSTEMPATH\Commands\Server\rewrite.php(47): require_once('C:\\xampp\\htdocs\\Backoffice\\public\\index.php')
INFO - 2023-11-07 05:10:42 --> Session: Class initialized using 'CodeIgniter\Session\Handlers\FileHandler' driver.
WARNING - 2023-11-07 05:10:42 --> [DEPRECATED] Creation of dynamic property App\Controllers\Manager\Employee::$session is deprecated in APPPATH\Controllers\Manager\Employee.php on line 11.
 1 SYSTEMPATH\CodeIgniter.php(904): App\Controllers\Manager\Employee->__construct()
 2 SYSTEMPATH\CodeIgniter.php(488): CodeIgniter\CodeIgniter->createController()
 3 SYSTEMPATH\CodeIgniter.php(366): CodeIgniter\CodeIgniter->handleRequest(null, Object(Config\Cache), false)
 4 FCPATH\index.php(67): CodeIgniter\CodeIgniter->run()
 5 SYSTEMPATH\Commands\Server\rewrite.php(47): require_once('C:\\xampp\\htdocs\\Backoffice\\public\\index.php')
WARNING - 2023-11-07 05:10:42 --> [DEPRECATED] Creation of dynamic property App\Controllers\Manager\Employee::$LmsModel is deprecated in APPPATH\Controllers\Manager\Employee.php on line 12.
 1 SYSTEMPATH\CodeIgniter.php(904): App\Controllers\Manager\Employee->__construct()
 2 SYSTEMPATH\CodeIgniter.php(488): CodeIgniter\CodeIgniter->createController()
 3 SYSTEMPATH\CodeIgniter.php(366): CodeIgniter\CodeIgniter->handleRequest(null, Object(Config\Cache), false)
 4 FCPATH\index.php(67): CodeIgniter\CodeIgniter->run()
 5 SYSTEMPATH\Commands\Server\rewrite.php(47): require_once('C:\\xampp\\htdocs\\Backoffice\\public\\index.php')
WARNING - 2023-11-07 05:10:42 --> [DEPRECATED] Creation of dynamic property App\Controllers\Manager\Employee::$data is deprecated in APPPATH\Controllers\BaseController.php on line 97.
 1 APPPATH\Controllers\BaseController.php(57): App\Controllers\BaseController->setUriSegments()
 2 SYSTEMPATH\CodeIgniter.php(905): App\Controllers\BaseController->initController(Object(CodeIgniter\HTTP\IncomingRequest), Object(CodeIgniter\HTTP\Response), Object(CodeIgniter\Log\Logger))
 3 SYSTEMPATH\CodeIgniter.php(488): CodeIgniter\CodeIgniter->createController()
 4 SYSTEMPATH\CodeIgniter.php(366): CodeIgniter\CodeIgniter->handleRequest(null, Object(Config\Cache), false)
 5 FCPATH\index.php(67): CodeIgniter\CodeIgniter->run()
 6 SYSTEMPATH\Commands\Server\rewrite.php(47): require_once('C:\\xampp\\htdocs\\Backoffice\\public\\index.php')
INFO - 2023-11-07 05:10:43 --> Session: Class initialized using 'CodeIgniter\Session\Handlers\FileHandler' driver.
WARNING - 2023-11-07 05:10:43 --> [DEPRECATED] Creation of dynamic property App\Controllers\Manager\Employee::$session is deprecated in APPPATH\Controllers\Manager\Employee.php on line 11.
 1 SYSTEMPATH\CodeIgniter.php(904): App\Controllers\Manager\Employee->__construct()
 2 SYSTEMPATH\CodeIgniter.php(488): CodeIgniter\CodeIgniter->createController()
 3 SYSTEMPATH\CodeIgniter.php(366): CodeIgniter\CodeIgniter->handleRequest(null, Object(Config\Cache), false)
 4 FCPATH\index.php(67): CodeIgniter\CodeIgniter->run()
 5 SYSTEMPATH\Commands\Server\rewrite.php(47): require_once('C:\\xampp\\htdocs\\Backoffice\\public\\index.php')
WARNING - 2023-11-07 05:10:43 --> [DEPRECATED] Creation of dynamic property App\Controllers\Manager\Employee::$LmsModel is deprecated in APPPATH\Controllers\Manager\Employee.php on line 12.
 1 SYSTEMPATH\CodeIgniter.php(904): App\Controllers\Manager\Employee->__construct()
 2 SYSTEMPATH\CodeIgniter.php(488): CodeIgniter\CodeIgniter->createController()
 3 SYSTEMPATH\CodeIgniter.php(366): CodeIgniter\CodeIgniter->handleRequest(null, Object(Config\Cache), false)
 4 FCPATH\index.php(67): CodeIgniter\CodeIgniter->run()
 5 SYSTEMPATH\Commands\Server\rewrite.php(47): require_once('C:\\xampp\\htdocs\\Backoffice\\public\\index.php')
WARNING - 2023-11-07 05:10:43 --> [DEPRECATED] Creation of dynamic property App\Controllers\Manager\Employee::$data is deprecated in APPPATH\Controllers\BaseController.php on line 97.
 1 APPPATH\Controllers\BaseController.php(57): App\Controllers\BaseController->setUriSegments()
 2 SYSTEMPATH\CodeIgniter.php(905): App\Controllers\BaseController->initController(Object(CodeIgniter\HTTP\IncomingRequest), Object(CodeIgniter\HTTP\Response), Object(CodeIgniter\Log\Logger))
 3 SYSTEMPATH\CodeIgniter.php(488): CodeIgniter\CodeIgniter->createController()
 4 SYSTEMPATH\CodeIgniter.php(366): CodeIgniter\CodeIgniter->handleRequest(null, Object(Config\Cache), false)
 5 FCPATH\index.php(67): CodeIgniter\CodeIgniter->run()
 6 SYSTEMPATH\Commands\Server\rewrite.php(47): require_once('C:\\xampp\\htdocs\\Backoffice\\public\\index.php')
INFO - 2023-11-07 05:10:46 --> Session: Class initialized using 'CodeIgniter\Session\Handlers\FileHandler' driver.
WARNING - 2023-11-07 05:10:46 --> [DEPRECATED] Creation of dynamic property App\Controllers\Manager\Att_report::$session is deprecated in APPPATH\Controllers\Manager\Att_report.php on line 12.
 1 SYSTEMPATH\CodeIgniter.php(904): App\Controllers\Manager\Att_report->__construct()
 2 SYSTEMPATH\CodeIgniter.php(488): CodeIgniter\CodeIgniter->createController()
 3 SYSTEMPATH\CodeIgniter.php(366): CodeIgniter\CodeIgniter->handleRequest(null, Object(Config\Cache), false)
 4 FCPATH\index.php(67): CodeIgniter\CodeIgniter->run()
 5 SYSTEMPATH\Commands\Server\rewrite.php(47): require_once('C:\\xampp\\htdocs\\Backoffice\\public\\index.php')
WARNING - 2023-11-07 05:10:46 --> [DEPRECATED] Creation of dynamic property App\Controllers\Manager\Att_report::$LmsModel is deprecated in APPPATH\Controllers\Manager\Att_report.php on line 13.
 1 SYSTEMPATH\CodeIgniter.php(904): App\Controllers\Manager\Att_report->__construct()
 2 SYSTEMPATH\CodeIgniter.php(488): CodeIgniter\CodeIgniter->createController()
 3 SYSTEMPATH\CodeIgniter.php(366): CodeIgniter\CodeIgniter->handleRequest(null, Object(Config\Cache), false)
 4 FCPATH\index.php(67): CodeIgniter\CodeIgniter->run()
 5 SYSTEMPATH\Commands\Server\rewrite.php(47): require_once('C:\\xampp\\htdocs\\Backoffice\\public\\index.php')
WARNING - 2023-11-07 05:10:46 --> [DEPRECATED] Creation of dynamic property App\Controllers\Manager\Att_report::$data is deprecated in APPPATH\Controllers\BaseController.php on line 97.
 1 APPPATH\Controllers\BaseController.php(57): App\Controllers\BaseController->setUriSegments()
 2 SYSTEMPATH\CodeIgniter.php(905): App\Controllers\BaseController->initController(Object(CodeIgniter\HTTP\IncomingRequest), Object(CodeIgniter\HTTP\Response), Object(CodeIgniter\Log\Logger))
 3 SYSTEMPATH\CodeIgniter.php(488): CodeIgniter\CodeIgniter->createController()
 4 SYSTEMPATH\CodeIgniter.php(366): CodeIgniter\CodeIgniter->handleRequest(null, Object(Config\Cache), false)
 5 FCPATH\index.php(67): CodeIgniter\CodeIgniter->run()
 6 SYSTEMPATH\Commands\Server\rewrite.php(47): require_once('C:\\xampp\\htdocs\\Backoffice\\public\\index.php')
INFO - 2023-11-07 05:11:18 --> Session: Class initialized using 'CodeIgniter\Session\Handlers\FileHandler' driver.
WARNING - 2023-11-07 05:11:18 --> [DEPRECATED] Creation of dynamic property App\Controllers\Admin\Employee_tracker::$session is deprecated in APPPATH\Controllers\Admin\Employee_tracker.php on line 13.
 1 SYSTEMPATH\CodeIgniter.php(904): App\Controllers\Admin\Employee_tracker->__construct()
 2 SYSTEMPATH\CodeIgniter.php(488): CodeIgniter\CodeIgniter->createController()
 3 SYSTEMPATH\CodeIgniter.php(366): CodeIgniter\CodeIgniter->handleRequest(null, Object(Config\Cache), false)
 4 FCPATH\index.php(67): CodeIgniter\CodeIgniter->run()
 5 SYSTEMPATH\Commands\Server\rewrite.php(47): require_once('C:\\xampp\\htdocs\\Backoffice\\public\\index.php')
WARNING - 2023-11-07 05:11:18 --> [DEPRECATED] Creation of dynamic property App\Controllers\Admin\Employee_tracker::$LmsModel is deprecated in APPPATH\Controllers\Admin\Employee_tracker.php on line 14.
 1 SYSTEMPATH\CodeIgniter.php(904): App\Controllers\Admin\Employee_tracker->__construct()
 2 SYSTEMPATH\CodeIgniter.php(488): CodeIgniter\CodeIgniter->createController()
 3 SYSTEMPATH\CodeIgniter.php(366): CodeIgniter\CodeIgniter->handleRequest(null, Object(Config\Cache), false)
 4 FCPATH\index.php(67): CodeIgniter\CodeIgniter->run()
 5 SYSTEMPATH\Commands\Server\rewrite.php(47): require_once('C:\\xampp\\htdocs\\Backoffice\\public\\index.php')
WARNING - 2023-11-07 05:11:18 --> [DEPRECATED] Creation of dynamic property App\Controllers\Admin\Employee_tracker::$data is deprecated in APPPATH\Controllers\BaseController.php on line 97.
 1 APPPATH\Controllers\BaseController.php(57): App\Controllers\BaseController->setUriSegments()
 2 SYSTEMPATH\CodeIgniter.php(905): App\Controllers\BaseController->initController(Object(CodeIgniter\HTTP\IncomingRequest), Object(CodeIgniter\HTTP\Response), Object(CodeIgniter\Log\Logger))
 3 SYSTEMPATH\CodeIgniter.php(488): CodeIgniter\CodeIgniter->createController()
 4 SYSTEMPATH\CodeIgniter.php(366): CodeIgniter\CodeIgniter->handleRequest(null, Object(Config\Cache), false)
 5 FCPATH\index.php(67): CodeIgniter\CodeIgniter->run()
 6 SYSTEMPATH\Commands\Server\rewrite.php(47): require_once('C:\\xampp\\htdocs\\Backoffice\\public\\index.php')
INFO - 2023-11-07 05:11:18 --> Session: Class initialized using 'CodeIgniter\Session\Handlers\FileHandler' driver.
WARNING - 2023-11-07 05:11:18 --> [DEPRECATED] Creation of dynamic property App\Controllers\Admin\Employee_tracker::$session is deprecated in APPPATH\Controllers\Admin\Employee_tracker.php on line 13.
 1 SYSTEMPATH\CodeIgniter.php(904): App\Controllers\Admin\Employee_tracker->__construct()
 2 SYSTEMPATH\CodeIgniter.php(488): CodeIgniter\CodeIgniter->createController()
 3 SYSTEMPATH\CodeIgniter.php(366): CodeIgniter\CodeIgniter->handleRequest(null, Object(Config\Cache), false)
 4 FCPATH\index.php(67): CodeIgniter\CodeIgniter->run()
 5 SYSTEMPATH\Commands\Server\rewrite.php(47): require_once('C:\\xampp\\htdocs\\Backoffice\\public\\index.php')
WARNING - 2023-11-07 05:11:18 --> [DEPRECATED] Creation of dynamic property App\Controllers\Admin\Employee_tracker::$LmsModel is deprecated in APPPATH\Controllers\Admin\Employee_tracker.php on line 14.
 1 SYSTEMPATH\CodeIgniter.php(904): App\Controllers\Admin\Employee_tracker->__construct()
 2 SYSTEMPATH\CodeIgniter.php(488): CodeIgniter\CodeIgniter->createController()
 3 SYSTEMPATH\CodeIgniter.php(366): CodeIgniter\CodeIgniter->handleRequest(null, Object(Config\Cache), false)
 4 FCPATH\index.php(67): CodeIgniter\CodeIgniter->run()
 5 SYSTEMPATH\Commands\Server\rewrite.php(47): require_once('C:\\xampp\\htdocs\\Backoffice\\public\\index.php')
WARNING - 2023-11-07 05:11:18 --> [DEPRECATED] Creation of dynamic property App\Controllers\Admin\Employee_tracker::$data is deprecated in APPPATH\Controllers\BaseController.php on line 97.
 1 APPPATH\Controllers\BaseController.php(57): App\Controllers\BaseController->setUriSegments()
 2 SYSTEMPATH\CodeIgniter.php(905): App\Controllers\BaseController->initController(Object(CodeIgniter\HTTP\IncomingRequest), Object(CodeIgniter\HTTP\Response), Object(CodeIgniter\Log\Logger))
 3 SYSTEMPATH\CodeIgniter.php(488): CodeIgniter\CodeIgniter->createController()
 4 SYSTEMPATH\CodeIgniter.php(366): CodeIgniter\CodeIgniter->handleRequest(null, Object(Config\Cache), false)
 5 FCPATH\index.php(67): CodeIgniter\CodeIgniter->run()
 6 SYSTEMPATH\Commands\Server\rewrite.php(47): require_once('C:\\xampp\\htdocs\\Backoffice\\public\\index.php')
INFO - 2023-11-07 05:30:09 --> Session: Class initialized using 'CodeIgniter\Session\Handlers\FileHandler' driver.
WARNING - 2023-11-07 05:30:09 --> [DEPRECATED] Creation of dynamic property App\Controllers\Admin\Admin::$session is deprecated in APPPATH\Controllers\Admin\Admin.php on line 12.
 1 SYSTEMPATH\CodeIgniter.php(904): App\Controllers\Admin\Admin->__construct()
 2 SYSTEMPATH\CodeIgniter.php(488): CodeIgniter\CodeIgniter->createController()
 3 SYSTEMPATH\CodeIgniter.php(366): CodeIgniter\CodeIgniter->handleRequest(null, Object(Config\Cache), false)
 4 FCPATH\index.php(67): CodeIgniter\CodeIgniter->run()
 5 SYSTEMPATH\Commands\Server\rewrite.php(47): require_once('C:\\xampp\\htdocs\\Backoffice\\public\\index.php')
WARNING - 2023-11-07 05:30:09 --> [DEPRECATED] Creation of dynamic property App\Controllers\Admin\Admin::$AdminModel is deprecated in APPPATH\Controllers\Admin\Admin.php on line 13.
 1 SYSTEMPATH\CodeIgniter.php(904): App\Controllers\Admin\Admin->__construct()
 2 SYSTEMPATH\CodeIgniter.php(488): CodeIgniter\CodeIgniter->createController()
 3 SYSTEMPATH\CodeIgniter.php(366): CodeIgniter\CodeIgniter->handleRequest(null, Object(Config\Cache), false)
 4 FCPATH\index.php(67): CodeIgniter\CodeIgniter->run()
 5 SYSTEMPATH\Commands\Server\rewrite.php(47): require_once('C:\\xampp\\htdocs\\Backoffice\\public\\index.php')
WARNING - 2023-11-07 05:30:09 --> [DEPRECATED] Creation of dynamic property App\Controllers\Admin\Admin::$data is deprecated in APPPATH\Controllers\BaseController.php on line 97.
 1 APPPATH\Controllers\BaseController.php(57): App\Controllers\BaseController->setUriSegments()
 2 SYSTEMPATH\CodeIgniter.php(905): App\Controllers\BaseController->initController(Object(CodeIgniter\HTTP\IncomingRequest), Object(CodeIgniter\HTTP\Response), Object(CodeIgniter\Log\Logger))
 3 SYSTEMPATH\CodeIgniter.php(488): CodeIgniter\CodeIgniter->createController()
 4 SYSTEMPATH\CodeIgniter.php(366): CodeIgniter\CodeIgniter->handleRequest(null, Object(Config\Cache), false)
 5 FCPATH\index.php(67): CodeIgniter\CodeIgniter->run()
 6 SYSTEMPATH\Commands\Server\rewrite.php(47): require_once('C:\\xampp\\htdocs\\Backoffice\\public\\index.php')
